# JRE version: OpenJDK Runtime Environment (17.0.10) (build 17.0.10+0--11572160)
# Java VM: OpenJDK 64-Bit Server VM (17.0.10+0--11572160, mixed mode, tiered, compressed oops, compressed class ptrs, g1 gc, windows-amd64)
GC Precious Log:
 CPUs: 4 total, 4 available
 Memory: 8112M
 Large Page Support: Disabled
 NUMA Support: Disabled
 Compressed Oops: Enabled (32-bit)
 Heap Region Size: 1M
 Heap Min Capacity: 8M
 Heap Initial Capacity: 128M
 Heap Max Capacity: 2G
 Pre-touch: Disabled
 Parallel Workers: 4
 Concurrent Workers: 1
 Concurrent Refinement Workers: 4
 Periodic GC: Disabled
Heap:
 garbage-first heap   total 275456K, used 167702K [0x0000000080000000, 0x0000000100000000)
  region size 1024K, 7 young (7168K), 7 survivors (7168K)
 Metaspace       used 107225K, committed 107968K, reserved 1179648K
  class space    used 14736K, committed 15104K, reserved 1048576K
GC Heap History (20 events):
Event: 16.560 GC heap after
{Heap after GC invocations=33 (full 0):
 garbage-first heap   total 182272K, used 91596K [0x0000000080000000, 0x0000000100000000)
  region size 1024K, 1 young (1024K), 1 survivors (1024K)
 Metaspace       used 90882K, committed 91584K, reserved 1179648K
  class space    used 12622K, committed 12992K, reserved 1048576K
}
Event: 17.481 GC heap before
{Heap before GC invocations=33 (full 0):
 garbage-first heap   total 182272K, used 147916K [0x0000000080000000, 0x0000000100000000)
  region size 1024K, 56 young (57344K), 1 survivors (1024K)
 Metaspace       used 95940K, committed 96640K, reserved 1179648K
  class space    used 13364K, committed 13696K, reserved 1048576K
}
Event: 17.487 GC heap after
{Heap after GC invocations=34 (full 0):
 garbage-first heap   total 182272K, used 93932K [0x0000000080000000, 0x0000000100000000)
  region size 1024K, 3 young (3072K), 3 survivors (3072K)
 Metaspace       used 95940K, committed 96640K, reserved 1179648K
  class space    used 13364K, committed 13696K, reserved 1048576K
}
Event: 18.365 GC heap before
{Heap before GC invocations=35 (full 0):
 garbage-first heap   total 182272K, used 149228K [0x0000000080000000, 0x0000000100000000)
  region size 1024K, 57 young (58368K), 3 survivors (3072K)
 Metaspace       used 99599K, committed 100288K, reserved 1179648K
  class space    used 13935K, committed 14272K, reserved 1048576K
}
Event: 18.379 GC heap after
{Heap after GC invocations=36 (full 0):
 garbage-first heap   total 182272K, used 97684K [0x0000000080000000, 0x0000000100000000)
  region size 1024K, 7 young (7168K), 7 survivors (7168K)
 Metaspace       used 99599K, committed 100288K, reserved 1179648K
  class space    used 13935K, committed 14272K, reserved 1048576K
}
Event: 18.396 GC heap before
{Heap before GC invocations=36 (full 0):
 garbage-first heap   total 182272K, used 98708K [0x0000000080000000, 0x0000000100000000)
  region size 1024K, 8 young (8192K), 7 survivors (7168K)
 Metaspace       used 99692K, committed 100416K, reserved 1179648K
  class space    used 13948K, committed 14272K, reserved 1048576K
}
Event: 18.409 GC heap after
{Heap after GC invocations=37 (full 0):
 garbage-first heap   total 219136K, used 97296K [0x0000000080000000, 0x0000000100000000)
  region size 1024K, 1 young (1024K), 1 survivors (1024K)
 Metaspace       used 99692K, committed 100416K, reserved 1179648K
  class space    used 13948K, committed 14272K, reserved 1048576K
}
Event: 20.496 GC heap before
{Heap before GC invocations=37 (full 0):
 garbage-first heap   total 219136K, used 179216K [0x0000000080000000, 0x0000000100000000)
  region size 1024K, 81 young (82944K), 1 survivors (1024K)
 Metaspace       used 100868K, committed 101696K, reserved 1179648K
  class space    used 14082K, committed 14464K, reserved 1048576K
}
Event: 20.505 GC heap after
{Heap after GC invocations=38 (full 0):
 garbage-first heap   total 219136K, used 102484K [0x0000000080000000, 0x0000000100000000)
  region size 1024K, 7 young (7168K), 7 survivors (7168K)
 Metaspace       used 100868K, committed 101696K, reserved 1179648K
  class space    used 14082K, committed 14464K, reserved 1048576K
}
Event: 22.456 GC heap before
{Heap before GC invocations=38 (full 0):
 garbage-first heap   total 219136K, used 180308K [0x0000000080000000, 0x0000000100000000)
  region size 1024K, 79 young (80896K), 7 survivors (7168K)
 Metaspace       used 104184K, committed 104896K, reserved 1179648K
  class space    used 14403K, committed 14784K, reserved 1048576K
}
Event: 22.488 GC heap after
{Heap after GC invocations=39 (full 0):
 garbage-first heap   total 219136K, used 124838K [0x0000000080000000, 0x0000000100000000)
  region size 1024K, 10 young (10240K), 10 survivors (10240K)
 Metaspace       used 104184K, committed 104896K, reserved 1179648K
  class space    used 14403K, committed 14784K, reserved 1048576K
}
Event: 23.232 GC heap before
{Heap before GC invocations=39 (full 0):
 garbage-first heap   total 219136K, used 173990K [0x0000000080000000, 0x0000000100000000)
  region size 1024K, 50 young (51200K), 10 survivors (10240K)
 Metaspace       used 104411K, committed 105152K, reserved 1179648K
  class space    used 14405K, committed 14784K, reserved 1048576K
}
Event: 23.263 GC heap after
{Heap after GC invocations=40 (full 0):
 garbage-first heap   total 219136K, used 144991K [0x0000000080000000, 0x0000000100000000)
  region size 1024K, 7 young (7168K), 7 survivors (7168K)
 Metaspace       used 104411K, committed 105152K, reserved 1179648K
  class space    used 14405K, committed 14784K, reserved 1048576K
}
Event: 23.694 GC heap before
{Heap before GC invocations=40 (full 0):
 garbage-first heap   total 275456K, used 165471K [0x0000000080000000, 0x0000000100000000)
  region size 1024K, 28 young (28672K), 7 survivors (7168K)
 Metaspace       used 104482K, committed 105216K, reserved 1179648K
  class space    used 14405K, committed 14784K, reserved 1048576K
}
Event: 23.715 GC heap after
{Heap after GC invocations=41 (full 0):
 garbage-first heap   total 275456K, used 155231K [0x0000000080000000, 0x0000000100000000)
  region size 1024K, 4 young (4096K), 4 survivors (4096K)
 Metaspace       used 104482K, committed 105216K, reserved 1179648K
  class space    used 14405K, committed 14784K, reserved 1048576K
}
Event: 24.671 GC heap before
{Heap before GC invocations=42 (full 0):
 garbage-first heap   total 275456K, used 212575K [0x0000000080000000, 0x0000000100000000)
  region size 1024K, 52 young (53248K), 4 survivors (4096K)
 Metaspace       used 105066K, committed 105792K, reserved 1179648K
  class space    used 14464K, committed 14848K, reserved 1048576K
}
Event: 24.688 GC heap after
{Heap after GC invocations=43 (full 0):
 garbage-first heap   total 275456K, used 162119K [0x0000000080000000, 0x0000000100000000)
  region size 1024K, 6 young (6144K), 6 survivors (6144K)
 Metaspace       used 105066K, committed 105792K, reserved 1179648K
  class space    used 14464K, committed 14848K, reserved 1048576K
}
Event: 24.807 GC heap before
{Heap before GC invocations=43 (full 0):
 garbage-first heap   total 275456K, used 169287K [0x0000000080000000, 0x0000000100000000)
  region size 1024K, 13 young (13312K), 6 survivors (6144K)
 Metaspace       used 105083K, committed 105856K, reserved 1179648K
  class space    used 14464K, committed 14848K, reserved 1048576K
}
Event: 24.825 GC heap after
{Heap after GC invocations=44 (full 0):
 garbage-first heap   total 275456K, used 162720K [0x0000000080000000, 0x0000000100000000)
  region size 1024K, 2 young (2048K), 2 survivors (2048K)
 Metaspace       used 105083K, committed 105856K, reserved 1179648K
  class space    used 14464K, committed 14848K, reserved 1048576K
}
Event: 25.628 GC heap before
{Heap before GC invocations=44 (full 0):
 garbage-first heap   total 275456K, used 211872K [0x0000000080000000, 0x0000000100000000)
  region size 1024K, 50 young (51200K), 2 survivors (2048K)
 Metaspace       used 107225K, committed 107968K, reserved 1179648K
  class space    used 14736K, committed 15104K, reserved 1048576K
}

