# JRE version: OpenJDK Runtime Environment (17.0.10) (build 17.0.10+0--11572160)
# Java VM: OpenJDK 64-Bit Server VM (17.0.10+0--11572160, mixed mode, tiered, compressed oops, compressed class ptrs, g1 gc, windows-amd64)
GC Precious Log:
 CPUs: 4 total, 4 available
 Memory: 8112M
 Large Page Support: Disabled
 NUMA Support: Disabled
 Compressed Oops: Enabled (32-bit)
 Heap Region Size: 1M
 Heap Min Capacity: 8M
 Heap Initial Capacity: 128M
 Heap Max Capacity: 2G
 Pre-touch: Disabled
 Parallel Workers: 4
 Concurrent Workers: 1
 Concurrent Refinement Workers: 4
 Periodic GC: Disabled
Heap:
 garbage-first heap   total 386048K, used 309179K [0x0000000080000000, 0x0000000100000000)
  region size 1024K, 1 young (1024K), 1 survivors (1024K)
 Metaspace       used 154004K, committed 156352K, reserved 1245184K
  class space    used 20413K, committed 21568K, reserved 1048576K
GC Heap History (20 events):
Event: 14461.355 GC heap after
{Heap after GC invocations=93 (full 2):
 garbage-first heap   total 321536K, used 196539K [0x0000000080000000, 0x0000000100000000)
  region size 1024K, 6 young (6144K), 6 survivors (6144K)
 Metaspace       used 148679K, committed 150976K, reserved 1179648K
  class space    used 19788K, committed 20928K, reserved 1048576K
}
Event: 14461.821 GC heap before
{Heap before GC invocations=93 (full 2):
 garbage-first heap   total 321536K, used 255931K [0x0000000080000000, 0x0000000100000000)
  region size 1024K, 65 young (66560K), 6 survivors (6144K)
 Metaspace       used 149195K, committed 151424K, reserved 1179648K
  class space    used 19833K, committed 20928K, reserved 1048576K
}
Event: 14461.829 GC heap after
{Heap after GC invocations=94 (full 2):
 garbage-first heap   total 321536K, used 194593K [0x0000000080000000, 0x0000000100000000)
  region size 1024K, 2 young (2048K), 2 survivors (2048K)
 Metaspace       used 149195K, committed 151424K, reserved 1179648K
  class space    used 19833K, committed 20928K, reserved 1048576K
}
Event: 14462.331 GC heap before
{Heap before GC invocations=94 (full 2):
 garbage-first heap   total 321536K, used 260129K [0x0000000080000000, 0x0000000100000000)
  region size 1024K, 67 young (68608K), 2 survivors (2048K)
 Metaspace       used 149698K, committed 151936K, reserved 1245184K
  class space    used 19878K, committed 20992K, reserved 1048576K
}
Event: 14462.334 GC heap after
{Heap after GC invocations=95 (full 2):
 garbage-first heap   total 321536K, used 193400K [0x0000000080000000, 0x0000000100000000)
  region size 1024K, 1 young (1024K), 1 survivors (1024K)
 Metaspace       used 149698K, committed 151936K, reserved 1245184K
  class space    used 19878K, committed 20992K, reserved 1048576K
}
Event: 14462.997 GC heap before
{Heap before GC invocations=95 (full 2):
 garbage-first heap   total 321536K, used 263032K [0x0000000080000000, 0x0000000100000000)
  region size 1024K, 70 young (71680K), 1 survivors (1024K)
 Metaspace       used 150662K, committed 152896K, reserved 1245184K
  class space    used 20002K, committed 21120K, reserved 1048576K
}
Event: 14463.003 GC heap after
{Heap after GC invocations=96 (full 2):
 garbage-first heap   total 321536K, used 195564K [0x0000000080000000, 0x0000000100000000)
  region size 1024K, 3 young (3072K), 3 survivors (3072K)
 Metaspace       used 150662K, committed 152896K, reserved 1245184K
  class space    used 20002K, committed 21120K, reserved 1048576K
}
Event: 14463.933 GC heap before
{Heap before GC invocations=96 (full 2):
 garbage-first heap   total 321536K, used 266220K [0x0000000080000000, 0x0000000100000000)
  region size 1024K, 73 young (74752K), 3 survivors (3072K)
 Metaspace       used 152840K, committed 155136K, reserved 1245184K
  class space    used 20277K, committed 21440K, reserved 1048576K
}
Event: 14463.942 GC heap after
{Heap after GC invocations=97 (full 2):
 garbage-first heap   total 321536K, used 197438K [0x0000000080000000, 0x0000000100000000)
  region size 1024K, 5 young (5120K), 5 survivors (5120K)
 Metaspace       used 152840K, committed 155136K, reserved 1245184K
  class space    used 20277K, committed 21440K, reserved 1048576K
}
Event: 14464.515 GC heap before
{Heap before GC invocations=97 (full 2):
 garbage-first heap   total 321536K, used 270142K [0x0000000080000000, 0x0000000100000000)
  region size 1024K, 48 young (49152K), 5 survivors (5120K)
 Metaspace       used 153535K, committed 155840K, reserved 1245184K
  class space    used 20367K, committed 21504K, reserved 1048576K
}
Event: 14464.532 GC heap after
{Heap after GC invocations=98 (full 2):
 garbage-first heap   total 321536K, used 226609K [0x0000000080000000, 0x0000000100000000)
  region size 1024K, 10 young (10240K), 10 survivors (10240K)
 Metaspace       used 153535K, committed 155840K, reserved 1245184K
  class space    used 20367K, committed 21504K, reserved 1048576K
}
Event: 14465.122 GC heap before
{Heap before GC invocations=98 (full 2):
 garbage-first heap   total 321536K, used 278833K [0x0000000080000000, 0x0000000100000000)
  region size 1024K, 52 young (53248K), 10 survivors (10240K)
 Metaspace       used 153674K, committed 156032K, reserved 1245184K
  class space    used 20394K, committed 21568K, reserved 1048576K
}
Event: 14465.154 GC heap after
{Heap after GC invocations=99 (full 2):
 garbage-first heap   total 386048K, used 245446K [0x0000000080000000, 0x0000000100000000)
  region size 1024K, 7 young (7168K), 7 survivors (7168K)
 Metaspace       used 153674K, committed 156032K, reserved 1245184K
  class space    used 20394K, committed 21568K, reserved 1048576K
}
Event: 14465.810 GC heap before
{Heap before GC invocations=99 (full 2):
 garbage-first heap   total 386048K, used 314054K [0x0000000080000000, 0x0000000100000000)
  region size 1024K, 73 young (74752K), 7 survivors (7168K)
 Metaspace       used 153930K, committed 156288K, reserved 1245184K
  class space    used 20407K, committed 21568K, reserved 1048576K
}
Event: 14465.870 GC heap after
{Heap after GC invocations=100 (full 2):
 garbage-first heap   total 386048K, used 276923K [0x0000000080000000, 0x0000000100000000)
  region size 1024K, 10 young (10240K), 10 survivors (10240K)
 Metaspace       used 153930K, committed 156288K, reserved 1245184K
  class space    used 20407K, committed 21568K, reserved 1048576K
}
Event: 14466.089 GC heap before
{Heap before GC invocations=100 (full 2):
 garbage-first heap   total 386048K, used 311739K [0x0000000080000000, 0x0000000100000000)
  region size 1024K, 45 young (46080K), 10 survivors (10240K)
 Metaspace       used 153942K, committed 156288K, reserved 1245184K
  class space    used 20407K, committed 21568K, reserved 1048576K
}
Event: 14466.142 GC heap after
{Heap after GC invocations=101 (full 2):
 garbage-first heap   total 386048K, used 294843K [0x0000000080000000, 0x0000000100000000)
  region size 1024K, 6 young (6144K), 6 survivors (6144K)
 Metaspace       used 153942K, committed 156288K, reserved 1245184K
  class space    used 20407K, committed 21568K, reserved 1048576K
}
Event: 14466.335 GC heap before
{Heap before GC invocations=101 (full 2):
 garbage-first heap   total 386048K, used 317371K [0x0000000080000000, 0x0000000100000000)
  region size 1024K, 29 young (29696K), 6 survivors (6144K)
 Metaspace       used 153943K, committed 156288K, reserved 1245184K
  class space    used 20407K, committed 21568K, reserved 1048576K
}
Event: 14466.369 GC heap after
{Heap after GC invocations=102 (full 2):
 garbage-first heap   total 386048K, used 307131K [0x0000000080000000, 0x0000000100000000)
  region size 1024K, 4 young (4096K), 4 survivors (4096K)
 Metaspace       used 153943K, committed 156288K, reserved 1245184K
  class space    used 20407K, committed 21568K, reserved 1048576K
}
Event: 14466.694 GC heap before
{Heap before GC invocations=102 (full 2):
 garbage-first heap   total 386048K, used 323515K [0x0000000080000000, 0x0000000100000000)
  region size 1024K, 21 young (21504K), 4 survivors (4096K)
 Metaspace       used 154004K, committed 156352K, reserved 1245184K
  class space    used 20413K, committed 21568K, reserved 1048576K
}

