# JRE version: OpenJDK Runtime Environment (17.0.10) (build 17.0.10+0--11572160)
# Java VM: OpenJDK 64-Bit Server VM (17.0.10+0--11572160, mixed mode, tiered, compressed oops, compressed class ptrs, g1 gc, windows-amd64)
GC Precious Log:
 CPUs: 4 total, 4 available
 Memory: 8112M
 Large Page Support: Disabled
 NUMA Support: Disabled
 Compressed Oops: Enabled (32-bit)
 Heap Region Size: 1M
 Heap Min Capacity: 8M
 Heap Initial Capacity: 128M
 Heap Max Capacity: 2G
 Pre-touch: Disabled
 Parallel Workers: 4
 Concurrent Workers: 1
 Concurrent Refinement Workers: 4
 Periodic GC: Disabled
Heap:
 garbage-first heap   total 82944K, used 45585K [0x0000000080000000, 0x0000000100000000)
  region size 1024K, 18 young (18432K), 4 survivors (4096K)
 Metaspace       used 49532K, committed 50048K, reserved 1114112K
  class space    used 6804K, committed 7040K, reserved 1048576K
GC Heap History (20 events):
Event: 1.799 GC heap before
{Heap before GC invocations=2 (full 0):
 garbage-first heap   total 131072K, used 34472K [0x0000000080000000, 0x0000000100000000)
  region size 1024K, 26 young (26624K), 3 survivors (3072K)
 Metaspace       used 11459K, committed 11648K, reserved 1114112K
  class space    used 1196K, committed 1280K, reserved 1048576K
}
Event: 1.801 GC heap after
{Heap after GC invocations=3 (full 0):
 garbage-first heap   total 131072K, used 11508K [0x0000000080000000, 0x0000000100000000)
  region size 1024K, 1 young (1024K), 1 survivors (1024K)
 Metaspace       used 11459K, committed 11648K, reserved 1114112K
  class space    used 1196K, committed 1280K, reserved 1048576K
}
Event: 2.863 GC heap before
{Heap before GC invocations=3 (full 0):
 garbage-first heap   total 131072K, used 61684K [0x0000000080000000, 0x0000000100000000)
  region size 1024K, 50 young (51200K), 1 survivors (1024K)
 Metaspace       used 21319K, committed 21504K, reserved 1114112K
  class space    used 2502K, committed 2624K, reserved 1048576K
}
Event: 2.871 GC heap after
{Heap after GC invocations=4 (full 0):
 garbage-first heap   total 131072K, used 18950K [0x0000000080000000, 0x0000000100000000)
  region size 1024K, 8 young (8192K), 8 survivors (8192K)
 Metaspace       used 21319K, committed 21504K, reserved 1114112K
  class space    used 2502K, committed 2624K, reserved 1048576K
}
Event: 3.504 GC heap before
{Heap before GC invocations=5 (full 0):
 garbage-first heap   total 68608K, used 51718K [0x0000000080000000, 0x0000000100000000)
  region size 1024K, 40 young (40960K), 8 survivors (8192K)
 Metaspace       used 26275K, committed 26624K, reserved 1114112K
  class space    used 3370K, committed 3520K, reserved 1048576K
}
Event: 3.516 GC heap after
{Heap after GC invocations=6 (full 0):
 garbage-first heap   total 68608K, used 21180K [0x0000000080000000, 0x0000000100000000)
  region size 1024K, 2 young (2048K), 2 survivors (2048K)
 Metaspace       used 26275K, committed 26624K, reserved 1114112K
  class space    used 3370K, committed 3520K, reserved 1048576K
}
Event: 4.079 GC heap before
{Heap before GC invocations=6 (full 0):
 garbage-first heap   total 68608K, used 49852K [0x0000000080000000, 0x0000000100000000)
  region size 1024K, 30 young (30720K), 2 survivors (2048K)
 Metaspace       used 30214K, committed 30528K, reserved 1114112K
  class space    used 4046K, committed 4160K, reserved 1048576K
}
Event: 4.084 GC heap after
{Heap after GC invocations=7 (full 0):
 garbage-first heap   total 68608K, used 22725K [0x0000000080000000, 0x0000000100000000)
  region size 1024K, 4 young (4096K), 4 survivors (4096K)
 Metaspace       used 30214K, committed 30528K, reserved 1114112K
  class space    used 4046K, committed 4160K, reserved 1048576K
}
Event: 4.596 GC heap before
{Heap before GC invocations=7 (full 0):
 garbage-first heap   total 68608K, used 51397K [0x0000000080000000, 0x0000000100000000)
  region size 1024K, 32 young (32768K), 4 survivors (4096K)
 Metaspace       used 33646K, committed 33984K, reserved 1114112K
  class space    used 4602K, committed 4800K, reserved 1048576K
}
Event: 4.603 GC heap after
{Heap after GC invocations=8 (full 0):
 garbage-first heap   total 68608K, used 24089K [0x0000000080000000, 0x0000000100000000)
  region size 1024K, 4 young (4096K), 4 survivors (4096K)
 Metaspace       used 33646K, committed 33984K, reserved 1114112K
  class space    used 4602K, committed 4800K, reserved 1048576K
}
Event: 4.837 GC heap before
{Heap before GC invocations=8 (full 0):
 garbage-first heap   total 68608K, used 36377K [0x0000000080000000, 0x0000000100000000)
  region size 1024K, 17 young (17408K), 4 survivors (4096K)
 Metaspace       used 35820K, committed 36096K, reserved 1114112K
  class space    used 4914K, committed 5056K, reserved 1048576K
}
Event: 4.842 GC heap after
{Heap after GC invocations=9 (full 0):
 garbage-first heap   total 68608K, used 24716K [0x0000000080000000, 0x0000000100000000)
  region size 1024K, 2 young (2048K), 2 survivors (2048K)
 Metaspace       used 35820K, committed 36096K, reserved 1114112K
  class space    used 4914K, committed 5056K, reserved 1048576K
}
Event: 5.356 GC heap before
{Heap before GC invocations=10 (full 0):
 garbage-first heap   total 68608K, used 52364K [0x0000000080000000, 0x0000000100000000)
  region size 1024K, 30 young (30720K), 2 survivors (2048K)
 Metaspace       used 40777K, committed 41152K, reserved 1114112K
  class space    used 5412K, committed 5568K, reserved 1048576K
}
Event: 5.364 GC heap after
{Heap after GC invocations=11 (full 0):
 garbage-first heap   total 68608K, used 28380K [0x0000000080000000, 0x0000000100000000)
  region size 1024K, 4 young (4096K), 4 survivors (4096K)
 Metaspace       used 40777K, committed 41152K, reserved 1114112K
  class space    used 5412K, committed 5568K, reserved 1048576K
}
Event: 5.644 GC heap before
{Heap before GC invocations=12 (full 0):
 garbage-first heap   total 68608K, used 52956K [0x0000000080000000, 0x0000000100000000)
  region size 1024K, 28 young (28672K), 4 survivors (4096K)
 Metaspace       used 41860K, committed 42240K, reserved 1114112K
  class space    used 5589K, committed 5760K, reserved 1048576K
}
Event: 5.651 GC heap after
{Heap after GC invocations=13 (full 0):
 garbage-first heap   total 68608K, used 29549K [0x0000000080000000, 0x0000000100000000)
  region size 1024K, 2 young (2048K), 2 survivors (2048K)
 Metaspace       used 41860K, committed 42240K, reserved 1114112K
  class space    used 5589K, committed 5760K, reserved 1048576K
}
Event: 6.224 GC heap before
{Heap before GC invocations=13 (full 0):
 garbage-first heap   total 68608K, used 53101K [0x0000000080000000, 0x0000000100000000)
  region size 1024K, 26 young (26624K), 2 survivors (2048K)
 Metaspace       used 44760K, committed 45248K, reserved 1114112K
  class space    used 6056K, committed 6272K, reserved 1048576K
}
Event: 6.234 GC heap after
{Heap after GC invocations=14 (full 0):
 garbage-first heap   total 68608K, used 30988K [0x0000000080000000, 0x0000000100000000)
  region size 1024K, 3 young (3072K), 3 survivors (3072K)
 Metaspace       used 44760K, committed 45248K, reserved 1114112K
  class space    used 6056K, committed 6272K, reserved 1048576K
}
Event: 6.813 GC heap before
{Heap before GC invocations=14 (full 0):
 garbage-first heap   total 68608K, used 54540K [0x0000000080000000, 0x0000000100000000)
  region size 1024K, 26 young (26624K), 3 survivors (3072K)
 Metaspace       used 47552K, committed 48000K, reserved 1114112K
  class space    used 6506K, committed 6720K, reserved 1048576K
}
Event: 6.821 GC heap after
{Heap after GC invocations=15 (full 0):
 garbage-first heap   total 82944K, used 32273K [0x0000000080000000, 0x0000000100000000)
  region size 1024K, 4 young (4096K), 4 survivors (4096K)
 Metaspace       used 47552K, committed 48000K, reserved 1114112K
  class space    used 6506K, committed 6720K, reserved 1048576K
}

