# JRE version: OpenJDK Runtime Environment (17.0.10) (build 17.0.10+0--11572160)
# Java VM: OpenJDK 64-Bit Server VM (17.0.10+0--11572160, mixed mode, tiered, compressed oops, compressed class ptrs, g1 gc, windows-amd64)
GC Precious Log:
 CPUs: 4 total, 4 available
 Memory: 8112M
 Large Page Support: Disabled
 NUMA Support: Disabled
 Compressed Oops: Enabled (32-bit)
 Heap Region Size: 1M
 Heap Min Capacity: 8M
 Heap Initial Capacity: 128M
 Heap Max Capacity: 2G
 Pre-touch: Disabled
 Parallel Workers: 4
 Concurrent Workers: 1
 Concurrent Refinement Workers: 4
 Periodic GC: Disabled
Heap:
 garbage-first heap   total 431104K, used 349474K [0x0000000080000000, 0x0000000100000000)
  region size 1024K, 38 young (38912K), 8 survivors (8192K)
 Metaspace       used 140913K, committed 142528K, reserved 1179648K
  class space    used 18747K, committed 19520K, reserved 1048576K
GC Heap History (20 events):
Event: 198.259 GC heap before
{Heap before GC invocations=71 (full 0):
 garbage-first heap   total 361472K, used 313073K [0x0000000080000000, 0x0000000100000000)
  region size 1024K, 26 young (26624K), 3 survivors (3072K)
 Metaspace       used 139355K, committed 140800K, reserved 1179648K
  class space    used 18619K, committed 19328K, reserved 1048576K
}
Event: 198.267 GC heap after
{Heap after GC invocations=72 (full 0):
 garbage-first heap   total 361472K, used 290909K [0x0000000080000000, 0x0000000100000000)
  region size 1024K, 3 young (3072K), 3 survivors (3072K)
 Metaspace       used 139355K, committed 140800K, reserved 1179648K
  class space    used 18619K, committed 19328K, reserved 1048576K
}
Event: 198.549 GC heap before
{Heap before GC invocations=72 (full 0):
 garbage-first heap   total 361472K, used 314461K [0x0000000080000000, 0x0000000100000000)
  region size 1024K, 27 young (27648K), 3 survivors (3072K)
 Metaspace       used 139447K, committed 140864K, reserved 1179648K
  class space    used 18627K, committed 19328K, reserved 1048576K
}
Event: 198.555 GC heap after
{Heap after GC invocations=73 (full 0):
 garbage-first heap   total 361472K, used 291690K [0x0000000080000000, 0x0000000100000000)
  region size 1024K, 2 young (2048K), 2 survivors (2048K)
 Metaspace       used 139447K, committed 140864K, reserved 1179648K
  class space    used 18627K, committed 19328K, reserved 1048576K
}
Event: 199.701 GC heap before
{Heap before GC invocations=73 (full 0):
 garbage-first heap   total 361472K, used 316266K [0x0000000080000000, 0x0000000100000000)
  region size 1024K, 27 young (27648K), 2 survivors (2048K)
 Metaspace       used 139465K, committed 140864K, reserved 1179648K
  class space    used 18627K, committed 19328K, reserved 1048576K
}
Event: 199.706 GC heap after
{Heap after GC invocations=74 (full 0):
 garbage-first heap   total 361472K, used 292204K [0x0000000080000000, 0x0000000100000000)
  region size 1024K, 3 young (3072K), 3 survivors (3072K)
 Metaspace       used 139465K, committed 140864K, reserved 1179648K
  class space    used 18627K, committed 19328K, reserved 1048576K
}
Event: 259.749 GC heap before
{Heap before GC invocations=74 (full 0):
 garbage-first heap   total 361472K, used 315756K [0x0000000080000000, 0x0000000100000000)
  region size 1024K, 27 young (27648K), 3 survivors (3072K)
 Metaspace       used 139529K, committed 140992K, reserved 1179648K
  class space    used 18628K, committed 19328K, reserved 1048576K
}
Event: 259.762 GC heap after
{Heap after GC invocations=75 (full 0):
 garbage-first heap   total 361472K, used 292347K [0x0000000080000000, 0x0000000100000000)
  region size 1024K, 2 young (2048K), 2 survivors (2048K)
 Metaspace       used 139529K, committed 140992K, reserved 1179648K
  class space    used 18628K, committed 19328K, reserved 1048576K
}
Event: 260.091 GC heap before
{Heap before GC invocations=75 (full 0):
 garbage-first heap   total 361472K, used 318971K [0x0000000080000000, 0x0000000100000000)
  region size 1024K, 28 young (28672K), 2 survivors (2048K)
 Metaspace       used 139582K, committed 140992K, reserved 1179648K
  class space    used 18628K, committed 19328K, reserved 1048576K
}
Event: 260.102 GC heap after
{Heap after GC invocations=76 (full 0):
 garbage-first heap   total 361472K, used 295139K [0x0000000080000000, 0x0000000100000000)
  region size 1024K, 4 young (4096K), 4 survivors (4096K)
 Metaspace       used 139582K, committed 140992K, reserved 1179648K
  class space    used 18628K, committed 19328K, reserved 1048576K
}
Event: 260.438 GC heap before
{Heap before GC invocations=76 (full 0):
 garbage-first heap   total 361472K, used 316643K [0x0000000080000000, 0x0000000100000000)
  region size 1024K, 26 young (26624K), 4 survivors (4096K)
 Metaspace       used 139695K, committed 141120K, reserved 1179648K
  class space    used 18636K, committed 19328K, reserved 1048576K
}
Event: 260.450 GC heap after
{Heap after GC invocations=77 (full 0):
 garbage-first heap   total 431104K, used 298560K [0x0000000080000000, 0x0000000100000000)
  region size 1024K, 4 young (4096K), 4 survivors (4096K)
 Metaspace       used 139695K, committed 141120K, reserved 1179648K
  class space    used 18636K, committed 19328K, reserved 1048576K
}
Event: 431.941 GC heap before
{Heap before GC invocations=77 (full 0):
 garbage-first heap   total 431104K, used 371264K [0x0000000080000000, 0x0000000100000000)
  region size 1024K, 76 young (77824K), 4 survivors (4096K)
 Metaspace       used 140098K, committed 141632K, reserved 1179648K
  class space    used 18679K, committed 19456K, reserved 1048576K
}
Event: 431.959 GC heap after
{Heap after GC invocations=78 (full 0):
 garbage-first heap   total 431104K, used 302783K [0x0000000080000000, 0x0000000100000000)
  region size 1024K, 8 young (8192K), 8 survivors (8192K)
 Metaspace       used 140098K, committed 141632K, reserved 1179648K
  class space    used 18679K, committed 19456K, reserved 1048576K
}
Event: 432.962 GC heap before
{Heap before GC invocations=78 (full 0):
 garbage-first heap   total 431104K, used 371391K [0x0000000080000000, 0x0000000100000000)
  region size 1024K, 76 young (77824K), 8 survivors (8192K)
 Metaspace       used 140275K, committed 141824K, reserved 1179648K
  class space    used 18680K, committed 19456K, reserved 1048576K
}
Event: 432.984 GC heap after
{Heap after GC invocations=79 (full 0):
 garbage-first heap   total 431104K, used 310749K [0x0000000080000000, 0x0000000100000000)
  region size 1024K, 10 young (10240K), 10 survivors (10240K)
 Metaspace       used 140275K, committed 141824K, reserved 1179648K
  class space    used 18680K, committed 19456K, reserved 1048576K
}
Event: 609.869 GC heap before
{Heap before GC invocations=79 (full 0):
 garbage-first heap   total 431104K, used 370141K [0x0000000080000000, 0x0000000100000000)
  region size 1024K, 69 young (70656K), 10 survivors (10240K)
 Metaspace       used 140400K, committed 141952K, reserved 1179648K
  class space    used 18682K, committed 19456K, reserved 1048576K
}
Event: 609.887 GC heap after
{Heap after GC invocations=80 (full 0):
 garbage-first heap   total 431104K, used 313332K [0x0000000080000000, 0x0000000100000000)
  region size 1024K, 3 young (3072K), 3 survivors (3072K)
 Metaspace       used 140400K, committed 141952K, reserved 1179648K
  class space    used 18682K, committed 19456K, reserved 1048576K
}
Event: 610.576 GC heap before
{Heap before GC invocations=80 (full 0):
 garbage-first heap   total 431104K, used 371700K [0x0000000080000000, 0x0000000100000000)
  region size 1024K, 61 young (62464K), 3 survivors (3072K)
 Metaspace       used 140826K, committed 142464K, reserved 1179648K
  class space    used 18743K, committed 19520K, reserved 1048576K
}
Event: 610.600 GC heap after
{Heap after GC invocations=81 (full 0):
 garbage-first heap   total 431104K, used 320802K [0x0000000080000000, 0x0000000100000000)
  region size 1024K, 8 young (8192K), 8 survivors (8192K)
 Metaspace       used 140826K, committed 142464K, reserved 1179648K
  class space    used 18743K, committed 19520K, reserved 1048576K
}

