# JRE version: OpenJDK Runtime Environment (17.0.10) (build 17.0.10+0--11572160)
# Java VM: OpenJDK 64-Bit Server VM (17.0.10+0--11572160, mixed mode, tiered, compressed oops, compressed class ptrs, g1 gc, windows-amd64)
GC Precious Log:
 CPUs: 4 total, 4 available
 Memory: 8112M
 Large Page Support: Disabled
 NUMA Support: Disabled
 Compressed Oops: Enabled (32-bit)
 Heap Region Size: 1M
 Heap Min Capacity: 8M
 Heap Initial Capacity: 128M
 Heap Max Capacity: 2G
 Pre-touch: Disabled
 Parallel Workers: 4
 Concurrent Workers: 1
 Concurrent Refinement Workers: 4
 Periodic GC: Disabled
Heap:
 garbage-first heap   total 293888K, used 100686K [0x0000000080000000, 0x0000000100000000)
  region size 1024K, 2 young (2048K), 2 survivors (2048K)
 Metaspace       used 105842K, committed 106624K, reserved 1179648K
  class space    used 14563K, committed 14912K, reserved 1048576K
GC Heap History (20 events):
Event: 16.801 GC heap after
{Heap after GC invocations=32 (full 0):
 garbage-first heap   total 132096K, used 76629K [0x0000000080000000, 0x0000000100000000)
  region size 1024K, 5 young (5120K), 5 survivors (5120K)
 Metaspace       used 73946K, committed 74624K, reserved 1114112K
  class space    used 10042K, committed 10368K, reserved 1048576K
}
Event: 16.817 GC heap before
{Heap before GC invocations=32 (full 0):
 garbage-first heap   total 132096K, used 77653K [0x0000000080000000, 0x0000000100000000)
  region size 1024K, 6 young (6144K), 5 survivors (5120K)
 Metaspace       used 74062K, committed 74688K, reserved 1114112K
  class space    used 10062K, committed 10368K, reserved 1048576K
}
Event: 16.824 GC heap after
{Heap after GC invocations=33 (full 0):
 garbage-first heap   total 132096K, used 77114K [0x0000000080000000, 0x0000000100000000)
  region size 1024K, 1 young (1024K), 1 survivors (1024K)
 Metaspace       used 74062K, committed 74688K, reserved 1114112K
  class space    used 10062K, committed 10368K, reserved 1048576K
}
Event: 17.318 GC heap before
{Heap before GC invocations=33 (full 0):
 garbage-first heap   total 132096K, used 107834K [0x0000000080000000, 0x0000000100000000)
  region size 1024K, 31 young (31744K), 1 survivors (1024K)
 Metaspace       used 77697K, committed 78336K, reserved 1179648K
  class space    used 10560K, committed 10880K, reserved 1048576K
}
Event: 17.324 GC heap after
{Heap after GC invocations=34 (full 0):
 garbage-first heap   total 293888K, used 77985K [0x0000000080000000, 0x0000000100000000)
  region size 1024K, 2 young (2048K), 2 survivors (2048K)
 Metaspace       used 77697K, committed 78336K, reserved 1179648K
  class space    used 10560K, committed 10880K, reserved 1048576K
}
Event: 23.881 GC heap before
{Heap before GC invocations=35 (full 0):
 garbage-first heap   total 286720K, used 216225K [0x0000000080000000, 0x0000000100000000)
  region size 1024K, 137 young (140288K), 2 survivors (2048K)
 Metaspace       used 86220K, committed 86848K, reserved 1179648K
  class space    used 11947K, committed 12288K, reserved 1048576K
}
Event: 23.904 GC heap after
{Heap after GC invocations=36 (full 0):
 garbage-first heap   total 286720K, used 83640K [0x0000000080000000, 0x0000000100000000)
  region size 1024K, 8 young (8192K), 8 survivors (8192K)
 Metaspace       used 86220K, committed 86848K, reserved 1179648K
  class space    used 11947K, committed 12288K, reserved 1048576K
}
Event: 24.006 GC heap before
{Heap before GC invocations=36 (full 0):
 garbage-first heap   total 286720K, used 89784K [0x0000000080000000, 0x0000000100000000)
  region size 1024K, 14 young (14336K), 8 survivors (8192K)
 Metaspace       used 86681K, committed 87424K, reserved 1179648K
  class space    used 11997K, committed 12352K, reserved 1048576K
}
Event: 24.023 GC heap after
{Heap after GC invocations=37 (full 0):
 garbage-first heap   total 286720K, used 84319K [0x0000000080000000, 0x0000000100000000)
  region size 1024K, 1 young (1024K), 1 survivors (1024K)
 Metaspace       used 86681K, committed 87424K, reserved 1179648K
  class space    used 11997K, committed 12352K, reserved 1048576K
}
Event: 26.772 GC heap before
{Heap before GC invocations=37 (full 0):
 garbage-first heap   total 286720K, used 224607K [0x0000000080000000, 0x0000000100000000)
  region size 1024K, 138 young (141312K), 1 survivors (1024K)
 Metaspace       used 97368K, committed 98112K, reserved 1179648K
  class space    used 13530K, committed 13888K, reserved 1048576K
}
Event: 26.794 GC heap after
{Heap after GC invocations=38 (full 0):
 garbage-first heap   total 286720K, used 91054K [0x0000000080000000, 0x0000000100000000)
  region size 1024K, 8 young (8192K), 8 survivors (8192K)
 Metaspace       used 97368K, committed 98112K, reserved 1179648K
  class space    used 13530K, committed 13888K, reserved 1048576K
}
Event: 29.603 GC heap before
{Heap before GC invocations=38 (full 0):
 garbage-first heap   total 286720K, used 229294K [0x0000000080000000, 0x0000000100000000)
  region size 1024K, 143 young (146432K), 8 survivors (8192K)
 Metaspace       used 102023K, committed 102784K, reserved 1179648K
  class space    used 14213K, committed 14592K, reserved 1048576K
}
Event: 29.632 GC heap after
{Heap after GC invocations=39 (full 0):
 garbage-first heap   total 286720K, used 99895K [0x0000000080000000, 0x0000000100000000)
  region size 1024K, 16 young (16384K), 16 survivors (16384K)
 Metaspace       used 102023K, committed 102784K, reserved 1179648K
  class space    used 14213K, committed 14592K, reserved 1048576K
}
Event: 30.318 GC heap before
{Heap before GC invocations=39 (full 0):
 garbage-first heap   total 286720K, used 230967K [0x0000000080000000, 0x0000000100000000)
  region size 1024K, 145 young (148480K), 16 survivors (16384K)
 Metaspace       used 102478K, committed 103296K, reserved 1179648K
  class space    used 14263K, committed 14656K, reserved 1048576K
}
Event: 30.340 GC heap after
{Heap after GC invocations=40 (full 0):
 garbage-first heap   total 286720K, used 100068K [0x0000000080000000, 0x0000000100000000)
  region size 1024K, 9 young (9216K), 9 survivors (9216K)
 Metaspace       used 102478K, committed 103296K, reserved 1179648K
  class space    used 14263K, committed 14656K, reserved 1048576K
}
Event: 30.911 GC heap before
{Heap before GC invocations=40 (full 0):
 garbage-first heap   total 286720K, used 236260K [0x0000000080000000, 0x0000000100000000)
  region size 1024K, 143 young (146432K), 9 survivors (9216K)
 Metaspace       used 103774K, committed 104576K, reserved 1179648K
  class space    used 14378K, committed 14720K, reserved 1048576K
}
Event: 30.927 GC heap after
{Heap after GC invocations=41 (full 0):
 garbage-first heap   total 286720K, used 103077K [0x0000000080000000, 0x0000000100000000)
  region size 1024K, 12 young (12288K), 12 survivors (12288K)
 Metaspace       used 103774K, committed 104576K, reserved 1179648K
  class space    used 14378K, committed 14720K, reserved 1048576K
}
Event: 31.519 GC heap before
{Heap before GC invocations=41 (full 0):
 garbage-first heap   total 286720K, used 239269K [0x0000000080000000, 0x0000000100000000)
  region size 1024K, 146 young (149504K), 12 survivors (12288K)
 Metaspace       used 105481K, committed 106240K, reserved 1179648K
  class space    used 14547K, committed 14912K, reserved 1048576K
}
Event: 31.539 GC heap after
{Heap after GC invocations=42 (full 0):
 garbage-first heap   total 286720K, used 100686K [0x0000000080000000, 0x0000000100000000)
  region size 1024K, 2 young (2048K), 2 survivors (2048K)
 Metaspace       used 105481K, committed 106240K, reserved 1179648K
  class space    used 14547K, committed 14912K, reserved 1048576K
}
Event: 32.189 GC heap before
{Heap before GC invocations=42 (full 0):
 garbage-first heap   total 286720K, used 240974K [0x0000000080000000, 0x0000000100000000)
  region size 1024K, 140 young (143360K), 2 survivors (2048K)
 Metaspace       used 105842K, committed 106624K, reserved 1179648K
  class space    used 14563K, committed 14912K, reserved 1048576K
}

