# JRE version: OpenJDK Runtime Environment (17.0.10) (build 17.0.10+0--11572160)
# Java VM: OpenJDK 64-Bit Server VM (17.0.10+0--11572160, mixed mode, tiered, compressed oops, compressed class ptrs, g1 gc, windows-amd64)
GC Precious Log:
 CPUs: 4 total, 4 available
 Memory: 8112M
 Large Page Support: Disabled
 NUMA Support: Disabled
 Compressed Oops: Enabled (32-bit)
 Heap Region Size: 1M
 Heap Min Capacity: 8M
 Heap Initial Capacity: 128M
 Heap Max Capacity: 2G
 Pre-touch: Disabled
 Parallel Workers: 4
 Concurrent Workers: 1
 Concurrent Refinement Workers: 4
 Periodic GC: Disabled
Heap:
 garbage-first heap   total 100352K, used 42672K [0x0000000080000000, 0x0000000100000000)
  region size 1024K, 12 young (12288K), 5 survivors (5120K)
 Metaspace       used 56271K, committed 56832K, reserved 1114112K
  class space    used 7730K, committed 8000K, reserved 1048576K
GC Heap History (20 events):
Event: 2.371 GC heap before
{Heap before GC invocations=3 (full 0):
 garbage-first heap   total 131072K, used 61429K [0x0000000080000000, 0x0000000100000000)
  region size 1024K, 50 young (51200K), 1 survivors (1024K)
 Metaspace       used 21296K, committed 21504K, reserved 1114112K
  class space    used 2502K, committed 2624K, reserved 1048576K
}
Event: 2.379 GC heap after
{Heap after GC invocations=4 (full 0):
 garbage-first heap   total 131072K, used 18772K [0x0000000080000000, 0x0000000100000000)
  region size 1024K, 8 young (8192K), 8 survivors (8192K)
 Metaspace       used 21296K, committed 21504K, reserved 1114112K
  class space    used 2502K, committed 2624K, reserved 1048576K
}
Event: 2.974 GC heap before
{Heap before GC invocations=5 (full 0):
 garbage-first heap   total 68608K, used 51540K [0x0000000080000000, 0x0000000100000000)
  region size 1024K, 40 young (40960K), 8 survivors (8192K)
 Metaspace       used 26234K, committed 26496K, reserved 1114112K
  class space    used 3364K, committed 3456K, reserved 1048576K
}
Event: 2.983 GC heap after
{Heap after GC invocations=6 (full 0):
 garbage-first heap   total 68608K, used 20872K [0x0000000080000000, 0x0000000100000000)
  region size 1024K, 2 young (2048K), 2 survivors (2048K)
 Metaspace       used 26234K, committed 26496K, reserved 1114112K
  class space    used 3364K, committed 3456K, reserved 1048576K
}
Event: 3.596 GC heap before
{Heap before GC invocations=6 (full 0):
 garbage-first heap   total 68608K, used 49544K [0x0000000080000000, 0x0000000100000000)
  region size 1024K, 30 young (30720K), 2 survivors (2048K)
 Metaspace       used 30175K, committed 30464K, reserved 1114112K
  class space    used 4034K, committed 4160K, reserved 1048576K
}
Event: 3.603 GC heap after
{Heap after GC invocations=7 (full 0):
 garbage-first heap   total 68608K, used 22297K [0x0000000080000000, 0x0000000100000000)
  region size 1024K, 4 young (4096K), 4 survivors (4096K)
 Metaspace       used 30175K, committed 30464K, reserved 1114112K
  class space    used 4034K, committed 4160K, reserved 1048576K
}
Event: 4.051 GC heap before
{Heap before GC invocations=7 (full 0):
 garbage-first heap   total 68608K, used 50969K [0x0000000080000000, 0x0000000100000000)
  region size 1024K, 32 young (32768K), 4 survivors (4096K)
 Metaspace       used 33676K, committed 34048K, reserved 1114112K
  class space    used 4606K, committed 4800K, reserved 1048576K
}
Event: 4.057 GC heap after
{Heap after GC invocations=8 (full 0):
 garbage-first heap   total 68608K, used 23623K [0x0000000080000000, 0x0000000100000000)
  region size 1024K, 4 young (4096K), 4 survivors (4096K)
 Metaspace       used 33676K, committed 34048K, reserved 1114112K
  class space    used 4606K, committed 4800K, reserved 1048576K
}
Event: 4.281 GC heap before
{Heap before GC invocations=8 (full 0):
 garbage-first heap   total 68608K, used 33863K [0x0000000080000000, 0x0000000100000000)
  region size 1024K, 16 young (16384K), 4 survivors (4096K)
 Metaspace       used 35776K, committed 36096K, reserved 1114112K
  class space    used 4905K, committed 5056K, reserved 1048576K
}
Event: 4.287 GC heap after
{Heap after GC invocations=9 (full 0):
 garbage-first heap   total 82944K, used 24554K [0x0000000080000000, 0x0000000100000000)
  region size 1024K, 3 young (3072K), 3 survivors (3072K)
 Metaspace       used 35776K, committed 36096K, reserved 1114112K
  class space    used 4905K, committed 5056K, reserved 1048576K
}
Event: 4.936 GC heap before
{Heap before GC invocations=10 (full 0):
 garbage-first heap   total 82944K, used 62442K [0x0000000080000000, 0x0000000100000000)
  region size 1024K, 41 young (41984K), 3 survivors (3072K)
 Metaspace       used 41218K, committed 41536K, reserved 1114112K
  class space    used 5480K, committed 5632K, reserved 1048576K
}
Event: 4.943 GC heap after
{Heap after GC invocations=11 (full 0):
 garbage-first heap   total 82944K, used 28400K [0x0000000080000000, 0x0000000100000000)
  region size 1024K, 6 young (6144K), 6 survivors (6144K)
 Metaspace       used 41218K, committed 41536K, reserved 1114112K
  class space    used 5480K, committed 5632K, reserved 1048576K
}
Event: 5.505 GC heap before
{Heap before GC invocations=11 (full 0):
 garbage-first heap   total 82944K, used 63216K [0x0000000080000000, 0x0000000100000000)
  region size 1024K, 40 young (40960K), 6 survivors (6144K)
 Metaspace       used 44252K, committed 44736K, reserved 1114112K
  class space    used 5965K, committed 6208K, reserved 1048576K
}
Event: 5.515 GC heap after
{Heap after GC invocations=12 (full 0):
 garbage-first heap   total 82944K, used 30181K [0x0000000080000000, 0x0000000100000000)
  region size 1024K, 3 young (3072K), 3 survivors (3072K)
 Metaspace       used 44252K, committed 44736K, reserved 1114112K
  class space    used 5965K, committed 6208K, reserved 1048576K
}
Event: 6.178 GC heap before
{Heap before GC invocations=12 (full 0):
 garbage-first heap   total 82944K, used 63973K [0x0000000080000000, 0x0000000100000000)
  region size 1024K, 36 young (36864K), 3 survivors (3072K)
 Metaspace       used 48389K, committed 48832K, reserved 1114112K
  class space    used 6629K, committed 6848K, reserved 1048576K
}
Event: 6.185 GC heap after
{Heap after GC invocations=13 (full 0):
 garbage-first heap   total 82944K, used 31535K [0x0000000080000000, 0x0000000100000000)
  region size 1024K, 4 young (4096K), 4 survivors (4096K)
 Metaspace       used 48389K, committed 48832K, reserved 1114112K
  class space    used 6629K, committed 6848K, reserved 1048576K
}
Event: 6.870 GC heap before
{Heap before GC invocations=13 (full 0):
 garbage-first heap   total 82944K, used 65327K [0x0000000080000000, 0x0000000100000000)
  region size 1024K, 36 young (36864K), 4 survivors (4096K)
 Metaspace       used 53115K, committed 53568K, reserved 1114112K
  class space    used 7288K, committed 7488K, reserved 1048576K
}
Event: 6.879 GC heap after
{Heap after GC invocations=14 (full 0):
 garbage-first heap   total 82944K, used 32980K [0x0000000080000000, 0x0000000100000000)
  region size 1024K, 4 young (4096K), 4 survivors (4096K)
 Metaspace       used 53115K, committed 53568K, reserved 1114112K
  class space    used 7288K, committed 7488K, reserved 1048576K
}
Event: 7.762 GC heap before
{Heap before GC invocations=14 (full 0):
 garbage-first heap   total 82944K, used 64724K [0x0000000080000000, 0x0000000100000000)
  region size 1024K, 35 young (35840K), 4 survivors (4096K)
 Metaspace       used 55933K, committed 56512K, reserved 1114112K
  class space    used 7668K, committed 7936K, reserved 1048576K
}
Event: 7.772 GC heap after
{Heap after GC invocations=15 (full 0):
 garbage-first heap   total 100352K, used 36528K [0x0000000080000000, 0x0000000100000000)
  region size 1024K, 5 young (5120K), 5 survivors (5120K)
 Metaspace       used 55933K, committed 56512K, reserved 1114112K
  class space    used 7668K, committed 7936K, reserved 1048576K
}

