# JRE version: OpenJDK Runtime Environment (17.0.10) (build 17.0.10+0--11572160)
# Java VM: OpenJDK 64-Bit Server VM (17.0.10+0--11572160, mixed mode, tiered, compressed oops, compressed class ptrs, g1 gc, windows-amd64)
GC Precious Log:
 CPUs: 4 total, 4 available
 Memory: 8112M
 Large Page Support: Disabled
 NUMA Support: Disabled
 Compressed Oops: Enabled (32-bit)
 Heap Region Size: 1M
 Heap Min Capacity: 8M
 Heap Initial Capacity: 128M
 Heap Max Capacity: 2G
 Pre-touch: Disabled
 Parallel Workers: 4
 Concurrent Workers: 1
 Concurrent Refinement Workers: 4
 Periodic GC: Disabled
Heap:
 garbage-first heap   total 211968K, used 108520K [0x0000000080000000, 0x0000000100000000)
  region size 1024K, 2 young (2048K), 2 survivors (2048K)
 Metaspace       used 104450K, committed 105216K, reserved 1179648K
  class space    used 14438K, committed 14784K, reserved 1048576K
GC Heap History (20 events):
Event: 20.918 GC heap after
{Heap after GC invocations=28 (full 0):
 garbage-first heap   total 149504K, used 84238K [0x0000000080000000, 0x0000000100000000)
  region size 1024K, 3 young (3072K), 3 survivors (3072K)
 Metaspace       used 85162K, committed 85824K, reserved 1179648K
  class space    used 11774K, committed 12096K, reserved 1048576K
}
Event: 21.665 GC heap before
{Heap before GC invocations=28 (full 0):
 garbage-first heap   total 149504K, used 125198K [0x0000000080000000, 0x0000000100000000)
  region size 1024K, 43 young (44032K), 3 survivors (3072K)
 Metaspace       used 88025K, committed 88704K, reserved 1179648K
  class space    used 12214K, committed 12544K, reserved 1048576K
}
Event: 21.673 GC heap after
{Heap after GC invocations=29 (full 0):
 garbage-first heap   total 180224K, used 86032K [0x0000000080000000, 0x0000000100000000)
  region size 1024K, 5 young (5120K), 5 survivors (5120K)
 Metaspace       used 88025K, committed 88704K, reserved 1179648K
  class space    used 12214K, committed 12544K, reserved 1048576K
}
Event: 23.244 GC heap before
{Heap before GC invocations=30 (full 0):
 garbage-first heap   total 180224K, used 151568K [0x0000000080000000, 0x0000000100000000)
  region size 1024K, 69 young (70656K), 5 survivors (5120K)
 Metaspace       used 92767K, committed 93504K, reserved 1179648K
  class space    used 12911K, committed 13248K, reserved 1048576K
}
Event: 23.257 GC heap after
{Heap after GC invocations=31 (full 0):
 garbage-first heap   total 180224K, used 89233K [0x0000000080000000, 0x0000000100000000)
  region size 1024K, 8 young (8192K), 8 survivors (8192K)
 Metaspace       used 92767K, committed 93504K, reserved 1179648K
  class space    used 12911K, committed 13248K, reserved 1048576K
}
Event: 24.468 GC heap before
{Heap before GC invocations=31 (full 0):
 garbage-first heap   total 180224K, used 151697K [0x0000000080000000, 0x0000000100000000)
  region size 1024K, 69 young (70656K), 8 survivors (8192K)
 Metaspace       used 97749K, committed 98432K, reserved 1179648K
  class space    used 13609K, committed 13952K, reserved 1048576K
}
Event: 24.486 GC heap after
{Heap after GC invocations=32 (full 0):
 garbage-first heap   total 180224K, used 93267K [0x0000000080000000, 0x0000000100000000)
  region size 1024K, 8 young (8192K), 8 survivors (8192K)
 Metaspace       used 97749K, committed 98432K, reserved 1179648K
  class space    used 13609K, committed 13952K, reserved 1048576K
}
Event: 26.090 GC heap before
{Heap before GC invocations=33 (full 0):
 garbage-first heap   total 180224K, used 149587K [0x0000000080000000, 0x0000000100000000)
  region size 1024K, 64 young (65536K), 8 survivors (8192K)
 Metaspace       used 100230K, committed 100928K, reserved 1179648K
  class space    used 14006K, committed 14336K, reserved 1048576K
}
Event: 26.109 GC heap after
{Heap after GC invocations=34 (full 0):
 garbage-first heap   total 180224K, used 97197K [0x0000000080000000, 0x0000000100000000)
  region size 1024K, 8 young (8192K), 8 survivors (8192K)
 Metaspace       used 100230K, committed 100928K, reserved 1179648K
  class space    used 14006K, committed 14336K, reserved 1048576K
}
Event: 27.746 GC heap before
{Heap before GC invocations=34 (full 0):
 garbage-first heap   total 180224K, used 150445K [0x0000000080000000, 0x0000000100000000)
  region size 1024K, 61 young (62464K), 8 survivors (8192K)
 Metaspace       used 100954K, committed 101696K, reserved 1179648K
  class space    used 14090K, committed 14464K, reserved 1048576K
}
Event: 27.765 GC heap after
{Heap after GC invocations=35 (full 0):
 garbage-first heap   total 180224K, used 100471K [0x0000000080000000, 0x0000000100000000)
  region size 1024K, 8 young (8192K), 8 survivors (8192K)
 Metaspace       used 100954K, committed 101696K, reserved 1179648K
  class space    used 14090K, committed 14464K, reserved 1048576K
}
Event: 28.642 GC heap before
{Heap before GC invocations=36 (full 0):
 garbage-first heap   total 181248K, used 152695K [0x0000000080000000, 0x0000000100000000)
  region size 1024K, 58 young (59392K), 8 survivors (8192K)
 Metaspace       used 103971K, committed 104704K, reserved 1179648K
  class space    used 14434K, committed 14784K, reserved 1048576K
}
Event: 28.663 GC heap after
{Heap after GC invocations=37 (full 0):
 garbage-first heap   total 181248K, used 107378K [0x0000000080000000, 0x0000000100000000)
  region size 1024K, 8 young (8192K), 8 survivors (8192K)
 Metaspace       used 103971K, committed 104704K, reserved 1179648K
  class space    used 14434K, committed 14784K, reserved 1048576K
}
Event: 28.675 GC heap before
{Heap before GC invocations=37 (full 0):
 garbage-first heap   total 181248K, used 107378K [0x0000000080000000, 0x0000000100000000)
  region size 1024K, 9 young (9216K), 8 survivors (8192K)
 Metaspace       used 103994K, committed 104768K, reserved 1179648K
  class space    used 14434K, committed 14784K, reserved 1048576K
}
Event: 28.688 GC heap after
{Heap after GC invocations=38 (full 0):
 garbage-first heap   total 181248K, used 107419K [0x0000000080000000, 0x0000000100000000)
  region size 1024K, 2 young (2048K), 2 survivors (2048K)
 Metaspace       used 103994K, committed 104768K, reserved 1179648K
  class space    used 14434K, committed 14784K, reserved 1048576K
}
Event: 29.054 GC heap before
{Heap before GC invocations=38 (full 0):
 garbage-first heap   total 181248K, used 150427K [0x0000000080000000, 0x0000000100000000)
  region size 1024K, 45 young (46080K), 2 survivors (2048K)
 Metaspace       used 104288K, committed 105024K, reserved 1179648K
  class space    used 14437K, committed 14784K, reserved 1048576K
}
Event: 29.056 GC heap after
{Heap after GC invocations=39 (full 0):
 garbage-first heap   total 181248K, used 106496K [0x0000000080000000, 0x0000000100000000)
  region size 1024K, 1 young (1024K), 1 survivors (1024K)
 Metaspace       used 104288K, committed 105024K, reserved 1179648K
  class space    used 14437K, committed 14784K, reserved 1048576K
}
Event: 29.575 GC heap before
{Heap before GC invocations=40 (full 0):
 garbage-first heap   total 211968K, used 153600K [0x0000000080000000, 0x0000000100000000)
  region size 1024K, 46 young (47104K), 1 survivors (1024K)
 Metaspace       used 104448K, committed 105216K, reserved 1179648K
  class space    used 14438K, committed 14784K, reserved 1048576K
}
Event: 29.583 GC heap after
{Heap after GC invocations=41 (full 0):
 garbage-first heap   total 211968K, used 110791K [0x0000000080000000, 0x0000000100000000)
  region size 1024K, 4 young (4096K), 4 survivors (4096K)
 Metaspace       used 104448K, committed 105216K, reserved 1179648K
  class space    used 14438K, committed 14784K, reserved 1048576K
}
Event: 29.608 GC heap before
{Heap before GC invocations=41 (full 0):
 garbage-first heap   total 211968K, used 115911K [0x0000000080000000, 0x0000000100000000)
  region size 1024K, 10 young (10240K), 4 survivors (4096K)
 Metaspace       used 104450K, committed 105216K, reserved 1179648K
  class space    used 14438K, committed 14784K, reserved 1048576K
}

