# JRE version: OpenJDK Runtime Environment (17.0.10) (build 17.0.10+0--11572160)
# Java VM: OpenJDK 64-Bit Server VM (17.0.10+0--11572160, mixed mode, tiered, compressed oops, compressed class ptrs, g1 gc, windows-amd64)
GC Precious Log:
 CPUs: 4 total, 4 available
 Memory: 8112M
 Large Page Support: Disabled
 NUMA Support: Disabled
 Compressed Oops: Enabled (32-bit)
 Heap Region Size: 1M
 Heap Min Capacity: 8M
 Heap Initial Capacity: 128M
 Heap Max Capacity: 2G
 Pre-touch: Disabled
 Parallel Workers: 4
 Concurrent Workers: 1
 Concurrent Refinement Workers: 4
 Periodic GC: Disabled
Heap:
 garbage-first heap   total 82944K, used 50628K [0x0000000080000000, 0x0000000100000000)
  region size 1024K, 24 young (24576K), 4 survivors (4096K)
 Metaspace       used 51098K, committed 51520K, reserved 1114112K
  class space    used 7067K, committed 7232K, reserved 1048576K
GC Heap History (20 events):
Event: 0.996 GC heap before
{Heap before GC invocations=1 (full 0):
 garbage-first heap   total 131072K, used 22466K [0x0000000080000000, 0x0000000100000000)
  region size 1024K, 18 young (18432K), 2 survivors (2048K)
 Metaspace       used 11371K, committed 11584K, reserved 1114112K
  class space    used 1195K, committed 1280K, reserved 1048576K
}
Event: 1.000 GC heap after
{Heap after GC invocations=2 (full 0):
 garbage-first heap   total 131072K, used 10931K [0x0000000080000000, 0x0000000100000000)
  region size 1024K, 3 young (3072K), 3 survivors (3072K)
 Metaspace       used 11371K, committed 11584K, reserved 1114112K
  class space    used 1195K, committed 1280K, reserved 1048576K
}
Event: 1.412 GC heap before
{Heap before GC invocations=2 (full 0):
 garbage-first heap   total 131072K, used 35507K [0x0000000080000000, 0x0000000100000000)
  region size 1024K, 27 young (27648K), 3 survivors (3072K)
 Metaspace       used 11464K, committed 11648K, reserved 1114112K
  class space    used 1197K, committed 1280K, reserved 1048576K
}
Event: 1.414 GC heap after
{Heap after GC invocations=3 (full 0):
 garbage-first heap   total 131072K, used 11579K [0x0000000080000000, 0x0000000100000000)
  region size 1024K, 1 young (1024K), 1 survivors (1024K)
 Metaspace       used 11464K, committed 11648K, reserved 1114112K
  class space    used 1197K, committed 1280K, reserved 1048576K
}
Event: 2.489 GC heap before
{Heap before GC invocations=3 (full 0):
 garbage-first heap   total 131072K, used 59707K [0x0000000080000000, 0x0000000100000000)
  region size 1024K, 48 young (49152K), 1 survivors (1024K)
 Metaspace       used 21292K, committed 21504K, reserved 1114112K
  class space    used 2499K, committed 2624K, reserved 1048576K
}
Event: 2.497 GC heap after
{Heap after GC invocations=4 (full 0):
 garbage-first heap   total 131072K, used 19055K [0x0000000080000000, 0x0000000100000000)
  region size 1024K, 8 young (8192K), 8 survivors (8192K)
 Metaspace       used 21292K, committed 21504K, reserved 1114112K
  class space    used 2499K, committed 2624K, reserved 1048576K
}
Event: 3.310 GC heap before
{Heap before GC invocations=5 (full 0):
 garbage-first heap   total 68608K, used 50799K [0x0000000080000000, 0x0000000100000000)
  region size 1024K, 40 young (40960K), 8 survivors (8192K)
 Metaspace       used 26376K, committed 26688K, reserved 1114112K
  class space    used 3381K, committed 3520K, reserved 1048576K
}
Event: 3.320 GC heap after
{Heap after GC invocations=6 (full 0):
 garbage-first heap   total 68608K, used 20821K [0x0000000080000000, 0x0000000100000000)
  region size 1024K, 2 young (2048K), 2 survivors (2048K)
 Metaspace       used 26376K, committed 26688K, reserved 1114112K
  class space    used 3381K, committed 3520K, reserved 1048576K
}
Event: 3.881 GC heap before
{Heap before GC invocations=6 (full 0):
 garbage-first heap   total 68608K, used 49493K [0x0000000080000000, 0x0000000100000000)
  region size 1024K, 30 young (30720K), 2 survivors (2048K)
 Metaspace       used 30291K, committed 30528K, reserved 1114112K
  class space    used 4060K, committed 4160K, reserved 1048576K
}
Event: 3.887 GC heap after
{Heap after GC invocations=7 (full 0):
 garbage-first heap   total 68608K, used 22291K [0x0000000080000000, 0x0000000100000000)
  region size 1024K, 4 young (4096K), 4 survivors (4096K)
 Metaspace       used 30291K, committed 30528K, reserved 1114112K
  class space    used 4060K, committed 4160K, reserved 1048576K
}
Event: 4.320 GC heap before
{Heap before GC invocations=7 (full 0):
 garbage-first heap   total 68608K, used 49939K [0x0000000080000000, 0x0000000100000000)
  region size 1024K, 31 young (31744K), 4 survivors (4096K)
 Metaspace       used 33685K, committed 34048K, reserved 1114112K
  class space    used 4608K, committed 4800K, reserved 1048576K
}
Event: 4.327 GC heap after
{Heap after GC invocations=8 (full 0):
 garbage-first heap   total 68608K, used 23526K [0x0000000080000000, 0x0000000100000000)
  region size 1024K, 3 young (3072K), 3 survivors (3072K)
 Metaspace       used 33685K, committed 34048K, reserved 1114112K
  class space    used 4608K, committed 4800K, reserved 1048576K
}
Event: 4.518 GC heap before
{Heap before GC invocations=8 (full 0):
 garbage-first heap   total 68608K, used 32742K [0x0000000080000000, 0x0000000100000000)
  region size 1024K, 14 young (14336K), 3 survivors (3072K)
 Metaspace       used 35616K, committed 35968K, reserved 1114112K
  class space    used 4871K, committed 4992K, reserved 1048576K
}
Event: 4.525 GC heap after
{Heap after GC invocations=9 (full 0):
 garbage-first heap   total 82944K, used 24134K [0x0000000080000000, 0x0000000100000000)
  region size 1024K, 2 young (2048K), 2 survivors (2048K)
 Metaspace       used 35616K, committed 35968K, reserved 1114112K
  class space    used 4871K, committed 4992K, reserved 1048576K
}
Event: 5.390 GC heap before
{Heap before GC invocations=10 (full 0):
 garbage-first heap   total 82944K, used 63046K [0x0000000080000000, 0x0000000100000000)
  region size 1024K, 41 young (41984K), 2 survivors (2048K)
 Metaspace       used 41228K, committed 41536K, reserved 1114112K
  class space    used 5478K, committed 5632K, reserved 1048576K
}
Event: 5.398 GC heap after
{Heap after GC invocations=11 (full 0):
 garbage-first heap   total 82944K, used 28190K [0x0000000080000000, 0x0000000100000000)
  region size 1024K, 6 young (6144K), 6 survivors (6144K)
 Metaspace       used 41228K, committed 41536K, reserved 1114112K
  class space    used 5478K, committed 5632K, reserved 1048576K
}
Event: 6.081 GC heap before
{Heap before GC invocations=11 (full 0):
 garbage-first heap   total 82944K, used 64030K [0x0000000080000000, 0x0000000100000000)
  region size 1024K, 41 young (41984K), 6 survivors (6144K)
 Metaspace       used 44366K, committed 44800K, reserved 1114112K
  class space    used 5983K, committed 6208K, reserved 1048576K
}
Event: 6.093 GC heap after
{Heap after GC invocations=12 (full 0):
 garbage-first heap   total 82944K, used 29720K [0x0000000080000000, 0x0000000100000000)
  region size 1024K, 3 young (3072K), 3 survivors (3072K)
 Metaspace       used 44366K, committed 44800K, reserved 1114112K
  class space    used 5983K, committed 6208K, reserved 1048576K
}
Event: 6.847 GC heap before
{Heap before GC invocations=12 (full 0):
 garbage-first heap   total 82944K, used 63512K [0x0000000080000000, 0x0000000100000000)
  region size 1024K, 36 young (36864K), 3 survivors (3072K)
 Metaspace       used 48540K, committed 49024K, reserved 1114112K
  class space    used 6653K, committed 6848K, reserved 1048576K
}
Event: 6.854 GC heap after
{Heap after GC invocations=13 (full 0):
 garbage-first heap   total 82944K, used 31172K [0x0000000080000000, 0x0000000100000000)
  region size 1024K, 4 young (4096K), 4 survivors (4096K)
 Metaspace       used 48540K, committed 49024K, reserved 1114112K
  class space    used 6653K, committed 6848K, reserved 1048576K
}

