# JRE version: OpenJDK Runtime Environment (17.0.10) (build 17.0.10+0--11572160)
# Java VM: OpenJDK 64-Bit Server VM (17.0.10+0--11572160, mixed mode, tiered, compressed oops, compressed class ptrs, g1 gc, windows-amd64)
GC Precious Log:
 CPUs: 4 total, 4 available
 Memory: 8112M
 Large Page Support: Disabled
 NUMA Support: Disabled
 Compressed Oops: Enabled (32-bit)
 Heap Region Size: 1M
 Heap Min Capacity: 8M
 Heap Initial Capacity: 128M
 Heap Max Capacity: 2G
 Pre-touch: Disabled
 Parallel Workers: 4
 Concurrent Workers: 1
 Concurrent Refinement Workers: 4
 Periodic GC: Disabled
Heap:
 garbage-first heap   total 82944K, used 41766K [0x0000000080000000, 0x0000000100000000)
  region size 1024K, 4 young (4096K), 4 survivors (4096K)
 Metaspace       used 56605K, committed 57152K, reserved 1114112K
  class space    used 7740K, committed 8000K, reserved 1048576K
GC Heap History (20 events):
Event: 3.341 GC heap after
{Heap after GC invocations=6 (full 0):
 garbage-first heap   total 68608K, used 21122K [0x0000000080000000, 0x0000000100000000)
  region size 1024K, 3 young (3072K), 3 survivors (3072K)
 Metaspace       used 26292K, committed 26624K, reserved 1114112K
  class space    used 3373K, committed 3520K, reserved 1048576K
}
Event: 3.965 GC heap before
{Heap before GC invocations=6 (full 0):
 garbage-first heap   total 68608K, used 47746K [0x0000000080000000, 0x0000000100000000)
  region size 1024K, 30 young (30720K), 3 survivors (3072K)
 Metaspace       used 30068K, committed 30336K, reserved 1114112K
  class space    used 4012K, committed 4096K, reserved 1048576K
}
Event: 3.970 GC heap after
{Heap after GC invocations=7 (full 0):
 garbage-first heap   total 68608K, used 22409K [0x0000000080000000, 0x0000000100000000)
  region size 1024K, 4 young (4096K), 4 survivors (4096K)
 Metaspace       used 30068K, committed 30336K, reserved 1114112K
  class space    used 4012K, committed 4096K, reserved 1048576K
}
Event: 4.539 GC heap before
{Heap before GC invocations=7 (full 0):
 garbage-first heap   total 68608K, used 50057K [0x0000000080000000, 0x0000000100000000)
  region size 1024K, 31 young (31744K), 4 survivors (4096K)
 Metaspace       used 33429K, committed 33792K, reserved 1114112K
  class space    used 4555K, committed 4736K, reserved 1048576K
}
Event: 4.547 GC heap after
{Heap after GC invocations=8 (full 0):
 garbage-first heap   total 68608K, used 23637K [0x0000000080000000, 0x0000000100000000)
  region size 1024K, 3 young (3072K), 3 survivors (3072K)
 Metaspace       used 33429K, committed 33792K, reserved 1114112K
  class space    used 4555K, committed 4736K, reserved 1048576K
}
Event: 4.850 GC heap before
{Heap before GC invocations=8 (full 0):
 garbage-first heap   total 68608K, used 36949K [0x0000000080000000, 0x0000000100000000)
  region size 1024K, 17 young (17408K), 3 survivors (3072K)
 Metaspace       used 35817K, committed 36096K, reserved 1114112K
  class space    used 4913K, committed 5056K, reserved 1048576K
}
Event: 4.855 GC heap after
{Heap after GC invocations=9 (full 0):
 garbage-first heap   total 68608K, used 24252K [0x0000000080000000, 0x0000000100000000)
  region size 1024K, 2 young (2048K), 2 survivors (2048K)
 Metaspace       used 35817K, committed 36096K, reserved 1114112K
  class space    used 4913K, committed 5056K, reserved 1048576K
}
Event: 5.447 GC heap before
{Heap before GC invocations=10 (full 0):
 garbage-first heap   total 68608K, used 51900K [0x0000000080000000, 0x0000000100000000)
  region size 1024K, 30 young (30720K), 2 survivors (2048K)
 Metaspace       used 40783K, committed 41088K, reserved 1114112K
  class space    used 5412K, committed 5568K, reserved 1048576K
}
Event: 5.454 GC heap after
{Heap after GC invocations=11 (full 0):
 garbage-first heap   total 68608K, used 27826K [0x0000000080000000, 0x0000000100000000)
  region size 1024K, 4 young (4096K), 4 survivors (4096K)
 Metaspace       used 40783K, committed 41088K, reserved 1114112K
  class space    used 5412K, committed 5568K, reserved 1048576K
}
Event: 5.724 GC heap before
{Heap before GC invocations=11 (full 0):
 garbage-first heap   total 68608K, used 52402K [0x0000000080000000, 0x0000000100000000)
  region size 1024K, 28 young (28672K), 4 survivors (4096K)
 Metaspace       used 41880K, committed 42304K, reserved 1114112K
  class space    used 5589K, committed 5760K, reserved 1048576K
}
Event: 5.733 GC heap after
{Heap after GC invocations=12 (full 0):
 garbage-first heap   total 82944K, used 28762K [0x0000000080000000, 0x0000000100000000)
  region size 1024K, 2 young (2048K), 2 survivors (2048K)
 Metaspace       used 41880K, committed 42304K, reserved 1114112K
  class space    used 5589K, committed 5760K, reserved 1048576K
}
Event: 6.656 GC heap before
{Heap before GC invocations=12 (full 0):
 garbage-first heap   total 82944K, used 62554K [0x0000000080000000, 0x0000000100000000)
  region size 1024K, 35 young (35840K), 2 survivors (2048K)
 Metaspace       used 45782K, committed 46272K, reserved 1114112K
  class space    used 6233K, committed 6464K, reserved 1048576K
}
Event: 6.661 GC heap after
{Heap after GC invocations=13 (full 0):
 garbage-first heap   total 82944K, used 30967K [0x0000000080000000, 0x0000000100000000)
  region size 1024K, 4 young (4096K), 4 survivors (4096K)
 Metaspace       used 45782K, committed 46272K, reserved 1114112K
  class space    used 6233K, committed 6464K, reserved 1048576K
}
Event: 7.396 GC heap before
{Heap before GC invocations=13 (full 0):
 garbage-first heap   total 82944K, used 62711K [0x0000000080000000, 0x0000000100000000)
  region size 1024K, 36 young (36864K), 4 survivors (4096K)
 Metaspace       used 50161K, committed 50624K, reserved 1114112K
  class space    used 6903K, committed 7104K, reserved 1048576K
}
Event: 7.406 GC heap after
{Heap after GC invocations=14 (full 0):
 garbage-first heap   total 82944K, used 32871K [0x0000000080000000, 0x0000000100000000)
  region size 1024K, 5 young (5120K), 5 survivors (5120K)
 Metaspace       used 50161K, committed 50624K, reserved 1114112K
  class space    used 6903K, committed 7104K, reserved 1048576K
}
Event: 8.080 GC heap before
{Heap before GC invocations=14 (full 0):
 garbage-first heap   total 82944K, used 64615K [0x0000000080000000, 0x0000000100000000)
  region size 1024K, 35 young (35840K), 5 survivors (5120K)
 Metaspace       used 54292K, committed 54848K, reserved 1114112K
  class space    used 7464K, committed 7744K, reserved 1048576K
}
Event: 8.088 GC heap after
{Heap after GC invocations=15 (full 0):
 garbage-first heap   total 82944K, used 34302K [0x0000000080000000, 0x0000000100000000)
  region size 1024K, 4 young (4096K), 4 survivors (4096K)
 Metaspace       used 54292K, committed 54848K, reserved 1114112K
  class space    used 7464K, committed 7744K, reserved 1048576K
}
Event: 8.998 GC heap before
{Heap before GC invocations=15 (full 0):
 garbage-first heap   total 82944K, used 63998K [0x0000000080000000, 0x0000000100000000)
  region size 1024K, 34 young (34816K), 4 survivors (4096K)
 Metaspace       used 56362K, committed 56960K, reserved 1114112K
  class space    used 7737K, committed 8000K, reserved 1048576K
}
Event: 9.010 GC heap after
{Heap after GC invocations=16 (full 0):
 garbage-first heap   total 82944K, used 38736K [0x0000000080000000, 0x0000000100000000)
  region size 1024K, 5 young (5120K), 5 survivors (5120K)
 Metaspace       used 56362K, committed 56960K, reserved 1114112K
  class space    used 7737K, committed 8000K, reserved 1048576K
}
Event: 9.408 GC heap before
{Heap before GC invocations=16 (full 0):
 garbage-first heap   total 82944K, used 63312K [0x0000000080000000, 0x0000000100000000)
  region size 1024K, 30 young (30720K), 5 survivors (5120K)
 Metaspace       used 56605K, committed 57152K, reserved 1114112K
  class space    used 7740K, committed 8000K, reserved 1048576K
}

