# JRE version: OpenJDK Runtime Environment (17.0.10) (build 17.0.10+0--11572160)
# Java VM: OpenJDK 64-Bit Server VM (17.0.10+0--11572160, mixed mode, tiered, compressed oops, compressed class ptrs, g1 gc, windows-amd64)
GC Precious Log:
 CPUs: 4 total, 4 available
 Memory: 8112M
 Large Page Support: Disabled
 NUMA Support: Disabled
 Compressed Oops: Enabled (32-bit)
 Heap Region Size: 1M
 Heap Min Capacity: 8M
 Heap Initial Capacity: 128M
 Heap Max Capacity: 2G
 Pre-touch: Disabled
 Parallel Workers: 4
 Concurrent Workers: 1
 Concurrent Refinement Workers: 4
 Periodic GC: Disabled
Heap:
 garbage-first heap   total 317440K, used 217806K [0x0000000080000000, 0x0000000100000000)
  region size 1024K, 2 young (2048K), 2 survivors (2048K)
 Metaspace       used 167355K, committed 169920K, reserved 1245184K
  class space    used 22279K, committed 23552K, reserved 1048576K
GC Heap History (20 events):
Event: 5769.943 GC heap after
{Heap after GC invocations=92 (full 1):
 garbage-first heap   total 317440K, used 212851K [0x0000000080000000, 0x0000000100000000)
  region size 1024K, 7 young (7168K), 7 survivors (7168K)
 Metaspace       used 157098K, committed 159552K, reserved 1245184K
  class space    used 21114K, committed 22272K, reserved 1048576K
}
Event: 5770.352 GC heap before
{Heap before GC invocations=92 (full 1):
 garbage-first heap   total 317440K, used 269171K [0x0000000080000000, 0x0000000100000000)
  region size 1024K, 62 young (63488K), 7 survivors (7168K)
 Metaspace       used 157098K, committed 159552K, reserved 1245184K
  class space    used 21114K, committed 22272K, reserved 1048576K
}
Event: 5770.365 GC heap after
{Heap after GC invocations=93 (full 1):
 garbage-first heap   total 317440K, used 214882K [0x0000000080000000, 0x0000000100000000)
  region size 1024K, 4 young (4096K), 4 survivors (4096K)
 Metaspace       used 157098K, committed 159552K, reserved 1245184K
  class space    used 21114K, committed 22272K, reserved 1048576K
}
Event: 5771.531 GC heap before
{Heap before GC invocations=93 (full 1):
 garbage-first heap   total 317440K, used 270178K [0x0000000080000000, 0x0000000100000000)
  region size 1024K, 59 young (60416K), 4 survivors (4096K)
 Metaspace       used 157745K, committed 160256K, reserved 1245184K
  class space    used 21209K, committed 22400K, reserved 1048576K
}
Event: 5771.561 GC heap after
{Heap after GC invocations=94 (full 1):
 garbage-first heap   total 317440K, used 216930K [0x0000000080000000, 0x0000000100000000)
  region size 1024K, 6 young (6144K), 6 survivors (6144K)
 Metaspace       used 157745K, committed 160256K, reserved 1245184K
  class space    used 21209K, committed 22400K, reserved 1048576K
}
Event: 7223.959 GC heap before
{Heap before GC invocations=94 (full 1):
 garbage-first heap   total 317440K, used 253794K [0x0000000080000000, 0x0000000100000000)
  region size 1024K, 44 young (45056K), 6 survivors (6144K)
 Metaspace       used 157765K, committed 160256K, reserved 1245184K
  class space    used 21209K, committed 22400K, reserved 1048576K
}
Event: 7224.291 GC heap after
{Heap after GC invocations=95 (full 2):
 garbage-first heap   total 317440K, used 165723K [0x0000000080000000, 0x0000000100000000)
  region size 1024K, 0 young (0K), 0 survivors (0K)
 Metaspace       used 157762K, committed 160256K, reserved 1245184K
  class space    used 21208K, committed 22400K, reserved 1048576K
}
Event: 7994.912 GC heap before
{Heap before GC invocations=95 (full 2):
 garbage-first heap   total 317440K, used 263003K [0x0000000080000000, 0x0000000100000000)
  region size 1024K, 93 young (95232K), 0 survivors (0K)
 Metaspace       used 158284K, committed 160768K, reserved 1245184K
  class space    used 21251K, committed 22464K, reserved 1048576K
}
Event: 7994.929 GC heap after
{Heap after GC invocations=96 (full 2):
 garbage-first heap   total 317440K, used 179572K [0x0000000080000000, 0x0000000100000000)
  region size 1024K, 11 young (11264K), 11 survivors (11264K)
 Metaspace       used 158284K, committed 160768K, reserved 1245184K
  class space    used 21251K, committed 22464K, reserved 1048576K
}
Event: 7996.082 GC heap before
{Heap before GC invocations=96 (full 2):
 garbage-first heap   total 317440K, used 258420K [0x0000000080000000, 0x0000000100000000)
  region size 1024K, 89 young (91136K), 11 survivors (11264K)
 Metaspace       used 160698K, committed 163200K, reserved 1245184K
  class space    used 21557K, committed 22784K, reserved 1048576K
}
Event: 7996.164 GC heap after
{Heap after GC invocations=97 (full 2):
 garbage-first heap   total 317440K, used 207197K [0x0000000080000000, 0x0000000100000000)
  region size 1024K, 12 young (12288K), 12 survivors (12288K)
 Metaspace       used 160698K, committed 163200K, reserved 1245184K
  class space    used 21557K, committed 22784K, reserved 1048576K
}
Event: 7997.290 GC heap before
{Heap before GC invocations=97 (full 2):
 garbage-first heap   total 317440K, used 287069K [0x0000000080000000, 0x0000000100000000)
  region size 1024K, 62 young (63488K), 12 survivors (12288K)
 Metaspace       used 163757K, committed 166272K, reserved 1245184K
  class space    used 21868K, committed 23104K, reserved 1048576K
}
Event: 7997.339 GC heap after
{Heap after GC invocations=98 (full 2):
 garbage-first heap   total 317440K, used 211803K [0x0000000080000000, 0x0000000100000000)
  region size 1024K, 6 young (6144K), 6 survivors (6144K)
 Metaspace       used 163757K, committed 166272K, reserved 1245184K
  class space    used 21868K, committed 23104K, reserved 1048576K
}
Event: 7998.766 GC heap before
{Heap before GC invocations=98 (full 2):
 garbage-first heap   total 317440K, used 259931K [0x0000000080000000, 0x0000000100000000)
  region size 1024K, 54 young (55296K), 6 survivors (6144K)
 Metaspace       used 165349K, committed 167872K, reserved 1245184K
  class space    used 22069K, committed 23296K, reserved 1048576K
}
Event: 7998.803 GC heap after
{Heap after GC invocations=99 (full 2):
 garbage-first heap   total 317440K, used 216880K [0x0000000080000000, 0x0000000100000000)
  region size 1024K, 5 young (5120K), 5 survivors (5120K)
 Metaspace       used 165349K, committed 167872K, reserved 1245184K
  class space    used 22069K, committed 23296K, reserved 1048576K
}
Event: 8002.063 GC heap before
{Heap before GC invocations=99 (full 2):
 garbage-first heap   total 317440K, used 262960K [0x0000000080000000, 0x0000000100000000)
  region size 1024K, 51 young (52224K), 5 survivors (5120K)
 Metaspace       used 166393K, committed 168960K, reserved 1245184K
  class space    used 22182K, committed 23424K, reserved 1048576K
}
Event: 8002.074 GC heap after
{Heap after GC invocations=100 (full 2):
 garbage-first heap   total 317440K, used 217261K [0x0000000080000000, 0x0000000100000000)
  region size 1024K, 1 young (1024K), 1 survivors (1024K)
 Metaspace       used 166393K, committed 168960K, reserved 1245184K
  class space    used 22182K, committed 23424K, reserved 1048576K
}
Event: 8002.321 GC heap before
{Heap before GC invocations=100 (full 2):
 garbage-first heap   total 317440K, used 265389K [0x0000000080000000, 0x0000000100000000)
  region size 1024K, 49 young (50176K), 1 survivors (1024K)
 Metaspace       used 166950K, committed 169536K, reserved 1245184K
  class space    used 22225K, committed 23488K, reserved 1048576K
}
Event: 8002.327 GC heap after
{Heap after GC invocations=101 (full 2):
 garbage-first heap   total 317440K, used 218822K [0x0000000080000000, 0x0000000100000000)
  region size 1024K, 3 young (3072K), 3 survivors (3072K)
 Metaspace       used 166950K, committed 169536K, reserved 1245184K
  class space    used 22225K, committed 23488K, reserved 1048576K
}
Event: 8004.313 GC heap before
{Heap before GC invocations=101 (full 2):
 garbage-first heap   total 317440K, used 266950K [0x0000000080000000, 0x0000000100000000)
  region size 1024K, 51 young (52224K), 3 survivors (3072K)
 Metaspace       used 167355K, committed 169920K, reserved 1245184K
  class space    used 22279K, committed 23552K, reserved 1048576K
}

