# JRE version: OpenJDK Runtime Environment (17.0.10) (build 17.0.10+0--11572160)
# Java VM: OpenJDK 64-Bit Server VM (17.0.10+0--11572160, mixed mode, tiered, compressed oops, compressed class ptrs, g1 gc, windows-amd64)
GC Precious Log:
 CPUs: 4 total, 4 available
 Memory: 8112M
 Large Page Support: Disabled
 NUMA Support: Disabled
 Compressed Oops: Enabled (32-bit)
 Heap Region Size: 1M
 Heap Min Capacity: 8M
 Heap Initial Capacity: 128M
 Heap Max Capacity: 2030M
 Pre-touch: Disabled
 Parallel Workers: 4
 Concurrent Workers: 1
 Concurrent Refinement Workers: 4
 Periodic GC: Disabled
Heap:
 garbage-first heap   total 233472K, used 101658K [0x0000000081200000, 0x0000000100000000)
  region size 1024K, 24 young (24576K), 1 survivors (1024K)
 Metaspace       used 89848K, committed 90176K, reserved 1179648K
  class space    used 9689K, committed 9856K, reserved 1048576K
GC Heap History (20 events):
Event: 34.537 GC heap before
{Heap before GC invocations=19 (full 0):
 garbage-first heap   total 116736K, used 98622K [0x0000000081200000, 0x0000000100000000)
  region size 1024K, 68 young (69632K), 1 survivors (1024K)
 Metaspace       used 53936K, committed 54144K, reserved 1114112K
  class space    used 6345K, committed 6464K, reserved 1048576K
}
Event: 34.696 GC heap after
{Heap after GC invocations=20 (full 0):
 garbage-first heap   total 116736K, used 42263K [0x0000000081200000, 0x0000000100000000)
  region size 1024K, 9 young (9216K), 9 survivors (9216K)
 Metaspace       used 53936K, committed 54144K, reserved 1114112K
  class space    used 6345K, committed 6464K, reserved 1048576K
}
Event: 34.844 GC heap before
{Heap before GC invocations=20 (full 0):
 garbage-first heap   total 116736K, used 43287K [0x0000000081200000, 0x0000000100000000)
  region size 1024K, 10 young (10240K), 9 survivors (9216K)
 Metaspace       used 53965K, committed 54208K, reserved 1114112K
  class space    used 6347K, committed 6464K, reserved 1048576K
}
Event: 34.939 GC heap after
{Heap after GC invocations=21 (full 0):
 garbage-first heap   total 116736K, used 42669K [0x0000000081200000, 0x0000000100000000)
  region size 1024K, 1 young (1024K), 1 survivors (1024K)
 Metaspace       used 53965K, committed 54208K, reserved 1114112K
  class space    used 6347K, committed 6464K, reserved 1048576K
}
Event: 38.554 GC heap before
{Heap before GC invocations=21 (full 0):
 garbage-first heap   total 116736K, used 80557K [0x0000000081200000, 0x0000000100000000)
  region size 1024K, 38 young (38912K), 1 survivors (1024K)
 Metaspace       used 56236K, committed 56448K, reserved 1114112K
  class space    used 6582K, committed 6656K, reserved 1048576K
}
Event: 38.615 GC heap after
{Heap after GC invocations=22 (full 0):
 garbage-first heap   total 116736K, used 45484K [0x0000000081200000, 0x0000000100000000)
  region size 1024K, 4 young (4096K), 4 survivors (4096K)
 Metaspace       used 56236K, committed 56448K, reserved 1114112K
  class space    used 6582K, committed 6656K, reserved 1048576K
}
Event: 48.112 GC heap before
{Heap before GC invocations=22 (full 0):
 garbage-first heap   total 116736K, used 83372K [0x0000000081200000, 0x0000000100000000)
  region size 1024K, 41 young (41984K), 4 survivors (4096K)
 Metaspace       used 62705K, committed 62976K, reserved 1114112K
  class space    used 7359K, committed 7488K, reserved 1048576K
}
Event: 48.219 GC heap after
{Heap after GC invocations=23 (full 0):
 garbage-first heap   total 116736K, used 49740K [0x0000000081200000, 0x0000000100000000)
  region size 1024K, 4 young (4096K), 4 survivors (4096K)
 Metaspace       used 62705K, committed 62976K, reserved 1114112K
  class space    used 7359K, committed 7488K, reserved 1048576K
}
Event: 57.531 GC heap before
{Heap before GC invocations=23 (full 0):
 garbage-first heap   total 116736K, used 87628K [0x0000000081200000, 0x0000000100000000)
  region size 1024K, 41 young (41984K), 4 survivors (4096K)
 Metaspace       used 64914K, committed 65152K, reserved 1114112K
  class space    used 7468K, committed 7552K, reserved 1048576K
}
Event: 57.654 GC heap after
{Heap after GC invocations=24 (full 0):
 garbage-first heap   total 233472K, used 55744K [0x0000000081200000, 0x0000000100000000)
  region size 1024K, 6 young (6144K), 6 survivors (6144K)
 Metaspace       used 64914K, committed 65152K, reserved 1114112K
  class space    used 7468K, committed 7552K, reserved 1048576K
}
Event: 71.538 GC heap before
{Heap before GC invocations=24 (full 0):
 garbage-first heap   total 233472K, used 128448K [0x0000000081200000, 0x0000000100000000)
  region size 1024K, 74 young (75776K), 6 survivors (6144K)
 Metaspace       used 67252K, committed 67520K, reserved 1114112K
  class space    used 7632K, committed 7744K, reserved 1048576K
}
Event: 71.700 GC heap after
{Heap after GC invocations=25 (full 0):
 garbage-first heap   total 233472K, used 66372K [0x0000000081200000, 0x0000000100000000)
  region size 1024K, 9 young (9216K), 9 survivors (9216K)
 Metaspace       used 67252K, committed 67520K, reserved 1114112K
  class space    used 7632K, committed 7744K, reserved 1048576K
}
Event: 79.448 GC heap before
{Heap before GC invocations=25 (full 0):
 garbage-first heap   total 233472K, used 110404K [0x0000000081200000, 0x0000000100000000)
  region size 1024K, 52 young (53248K), 9 survivors (9216K)
 Metaspace       used 68331K, committed 68608K, reserved 1114112K
  class space    used 7696K, committed 7808K, reserved 1048576K
}
Event: 79.558 GC heap after
{Heap after GC invocations=26 (full 0):
 garbage-first heap   total 233472K, used 69881K [0x0000000081200000, 0x0000000100000000)
  region size 1024K, 4 young (4096K), 4 survivors (4096K)
 Metaspace       used 68331K, committed 68608K, reserved 1114112K
  class space    used 7696K, committed 7808K, reserved 1048576K
}
Event: 95.178 GC heap before
{Heap before GC invocations=26 (full 0):
 garbage-first heap   total 233472K, used 176377K [0x0000000081200000, 0x0000000100000000)
  region size 1024K, 109 young (111616K), 4 survivors (4096K)
 Metaspace       used 82904K, committed 83200K, reserved 1179648K
  class space    used 9149K, committed 9280K, reserved 1048576K
}
Event: 95.318 GC heap after
{Heap after GC invocations=27 (full 0):
 garbage-first heap   total 233472K, used 80778K [0x0000000081200000, 0x0000000100000000)
  region size 1024K, 14 young (14336K), 14 survivors (14336K)
 Metaspace       used 82904K, committed 83200K, reserved 1179648K
  class space    used 9149K, committed 9280K, reserved 1048576K
}
Event: 105.266 GC heap before
{Heap before GC invocations=28 (full 0):
 garbage-first heap   total 233472K, used 138122K [0x0000000081200000, 0x0000000100000000)
  region size 1024K, 72 young (73728K), 14 survivors (14336K)
 Metaspace       used 86780K, committed 87104K, reserved 1179648K
  class space    used 9468K, committed 9600K, reserved 1048576K
}
Event: 105.384 GC heap after
{Heap after GC invocations=29 (full 0):
 garbage-first heap   total 233472K, used 79749K [0x0000000081200000, 0x0000000100000000)
  region size 1024K, 3 young (3072K), 3 survivors (3072K)
 Metaspace       used 86780K, committed 87104K, reserved 1179648K
  class space    used 9468K, committed 9600K, reserved 1048576K
}
Event: 106.351 GC heap before
{Heap before GC invocations=29 (full 0):
 garbage-first heap   total 233472K, used 86917K [0x0000000081200000, 0x0000000100000000)
  region size 1024K, 11 young (11264K), 3 survivors (3072K)
 Metaspace       used 88028K, committed 88320K, reserved 1179648K
  class space    used 9590K, committed 9728K, reserved 1048576K
}
Event: 106.395 GC heap after
{Heap after GC invocations=30 (full 0):
 garbage-first heap   total 233472K, used 79130K [0x0000000081200000, 0x0000000100000000)
  region size 1024K, 1 young (1024K), 1 survivors (1024K)
 Metaspace       used 88028K, committed 88320K, reserved 1179648K
  class space    used 9590K, committed 9728K, reserved 1048576K
}

