# JRE version: OpenJDK Runtime Environment (17.0.10) (build 17.0.10+0--11572160)
# Java VM: OpenJDK 64-Bit Server VM (17.0.10+0--11572160, mixed mode, tiered, compressed oops, compressed class ptrs, g1 gc, windows-amd64)
GC Precious Log:
 CPUs: 4 total, 4 available
 Memory: 8112M
 Large Page Support: Disabled
 NUMA Support: Disabled
 Compressed Oops: Enabled (32-bit)
 Heap Region Size: 1M
 Heap Min Capacity: 8M
 Heap Initial Capacity: 128M
 Heap Max Capacity: 2G
 Pre-touch: Disabled
 Parallel Workers: 4
 Concurrent Workers: 1
 Concurrent Refinement Workers: 4
 Periodic GC: Disabled
Heap:
 garbage-first heap   total 430080K, used 247559K [0x0000000080000000, 0x0000000100000000)
  region size 1024K, 1 young (1024K), 1 survivors (1024K)
 Metaspace       used 130805K, committed 132736K, reserved 1179648K
  class space    used 17494K, committed 18240K, reserved 1048576K
GC Heap History (20 events):
Event: 10206.301 GC heap after
{Heap after GC invocations=95 (full 0):
 garbage-first heap   total 248832K, used 198820K [0x0000000080000000, 0x0000000100000000)
  region size 1024K, 3 young (3072K), 3 survivors (3072K)
 Metaspace       used 126569K, committed 127680K, reserved 1179648K
  class space    used 16968K, committed 17536K, reserved 1048576K
}
Event: 10206.619 GC heap before
{Heap before GC invocations=95 (full 0):
 garbage-first heap   total 248832K, used 217252K [0x0000000080000000, 0x0000000100000000)
  region size 1024K, 21 young (21504K), 3 survivors (3072K)
 Metaspace       used 127290K, committed 128320K, reserved 1179648K
  class space    used 17074K, committed 17600K, reserved 1048576K
}
Event: 10206.626 GC heap after
{Heap after GC invocations=96 (full 0):
 garbage-first heap   total 248832K, used 200671K [0x0000000080000000, 0x0000000100000000)
  region size 1024K, 2 young (2048K), 2 survivors (2048K)
 Metaspace       used 127290K, committed 128320K, reserved 1179648K
  class space    used 17074K, committed 17600K, reserved 1048576K
}
Event: 10206.941 GC heap before
{Heap before GC invocations=96 (full 0):
 garbage-first heap   total 248832K, used 218079K [0x0000000080000000, 0x0000000100000000)
  region size 1024K, 19 young (19456K), 2 survivors (2048K)
 Metaspace       used 128005K, committed 129024K, reserved 1179648K
  class space    used 17163K, committed 17664K, reserved 1048576K
}
Event: 10206.947 GC heap after
{Heap after GC invocations=97 (full 0):
 garbage-first heap   total 248832K, used 202409K [0x0000000080000000, 0x0000000100000000)
  region size 1024K, 2 young (2048K), 2 survivors (2048K)
 Metaspace       used 128005K, committed 129024K, reserved 1179648K
  class space    used 17163K, committed 17664K, reserved 1048576K
}
Event: 10207.478 GC heap before
{Heap before GC invocations=97 (full 0):
 garbage-first heap   total 248832K, used 216745K [0x0000000080000000, 0x0000000100000000)
  region size 1024K, 17 young (17408K), 2 survivors (2048K)
 Metaspace       used 128776K, committed 129920K, reserved 1179648K
  class space    used 17286K, committed 17856K, reserved 1048576K
}
Event: 10207.484 GC heap after
{Heap after GC invocations=98 (full 0):
 garbage-first heap   total 248832K, used 204243K [0x0000000080000000, 0x0000000100000000)
  region size 1024K, 2 young (2048K), 2 survivors (2048K)
 Metaspace       used 128776K, committed 129920K, reserved 1179648K
  class space    used 17286K, committed 17856K, reserved 1048576K
}
Event: 10207.723 GC heap before
{Heap before GC invocations=98 (full 0):
 garbage-first heap   total 248832K, used 216531K [0x0000000080000000, 0x0000000100000000)
  region size 1024K, 15 young (15360K), 2 survivors (2048K)
 Metaspace       used 128787K, committed 129920K, reserved 1179648K
  class space    used 17286K, committed 17856K, reserved 1048576K
}
Event: 10207.729 GC heap after
{Heap after GC invocations=99 (full 0):
 garbage-first heap   total 248832K, used 206087K [0x0000000080000000, 0x0000000100000000)
  region size 1024K, 2 young (2048K), 2 survivors (2048K)
 Metaspace       used 128787K, committed 129920K, reserved 1179648K
  class space    used 17286K, committed 17856K, reserved 1048576K
}
Event: 10207.991 GC heap before
{Heap before GC invocations=99 (full 0):
 garbage-first heap   total 248832K, used 217351K [0x0000000080000000, 0x0000000100000000)
  region size 1024K, 13 young (13312K), 2 survivors (2048K)
 Metaspace       used 129393K, committed 130432K, reserved 1179648K
  class space    used 17424K, committed 17920K, reserved 1048576K
}
Event: 10207.999 GC heap after
{Heap after GC invocations=100 (full 0):
 garbage-first heap   total 248832K, used 207628K [0x0000000080000000, 0x0000000100000000)
  region size 1024K, 2 young (2048K), 2 survivors (2048K)
 Metaspace       used 129393K, committed 130432K, reserved 1179648K
  class space    used 17424K, committed 17920K, reserved 1048576K
}
Event: 10208.139 GC heap before
{Heap before GC invocations=100 (full 0):
 garbage-first heap   total 248832K, used 217868K [0x0000000080000000, 0x0000000100000000)
  region size 1024K, 12 young (12288K), 2 survivors (2048K)
 Metaspace       used 129419K, committed 130432K, reserved 1179648K
  class space    used 17425K, committed 17920K, reserved 1048576K
}
Event: 10208.148 GC heap after
{Heap after GC invocations=101 (full 0):
 garbage-first heap   total 299008K, used 209034K [0x0000000080000000, 0x0000000100000000)
  region size 1024K, 2 young (2048K), 2 survivors (2048K)
 Metaspace       used 129419K, committed 130432K, reserved 1179648K
  class space    used 17425K, committed 17920K, reserved 1048576K
}
Event: 10208.960 GC heap before
{Heap before GC invocations=101 (full 0):
 garbage-first heap   total 299008K, used 255114K [0x0000000080000000, 0x0000000100000000)
  region size 1024K, 45 young (46080K), 2 survivors (2048K)
 Metaspace       used 131027K, committed 132160K, reserved 1179648K
  class space    used 17593K, committed 18176K, reserved 1048576K
}
Event: 10208.995 GC heap after
{Heap after GC invocations=102 (full 0):
 garbage-first heap   total 299008K, used 240431K [0x0000000080000000, 0x0000000100000000)
  region size 1024K, 6 young (6144K), 6 survivors (6144K)
 Metaspace       used 131027K, committed 132160K, reserved 1179648K
  class space    used 17593K, committed 18176K, reserved 1048576K
}
Event: 10209.102 GC heap before
{Heap before GC invocations=102 (full 0):
 garbage-first heap   total 299008K, used 250671K [0x0000000080000000, 0x0000000100000000)
  region size 1024K, 17 young (17408K), 6 survivors (6144K)
 Metaspace       used 131158K, committed 132288K, reserved 1179648K
  class space    used 17611K, committed 18176K, reserved 1048576K
}
Event: 10209.118 GC heap after
{Heap after GC invocations=103 (full 0):
 garbage-first heap   total 299008K, used 245760K [0x0000000080000000, 0x0000000100000000)
  region size 1024K, 3 young (3072K), 3 survivors (3072K)
 Metaspace       used 131158K, committed 132288K, reserved 1179648K
  class space    used 17611K, committed 18176K, reserved 1048576K
}
Event: 10209.368 GC heap before
{Heap before GC invocations=103 (full 0):
 garbage-first heap   total 299008K, used 256000K [0x0000000080000000, 0x0000000100000000)
  region size 1024K, 14 young (14336K), 3 survivors (3072K)
 Metaspace       used 131462K, committed 132608K, reserved 1179648K
  class space    used 17648K, committed 18176K, reserved 1048576K
}
Event: 10209.373 GC heap after
{Heap after GC invocations=104 (full 0):
 garbage-first heap   total 299008K, used 246774K [0x0000000080000000, 0x0000000100000000)
  region size 1024K, 2 young (2048K), 2 survivors (2048K)
 Metaspace       used 131462K, committed 132608K, reserved 1179648K
  class space    used 17648K, committed 18176K, reserved 1048576K
}
Event: 10209.736 GC heap before
{Heap before GC invocations=104 (full 0):
 garbage-first heap   total 430080K, used 259062K [0x0000000080000000, 0x0000000100000000)
  region size 1024K, 14 young (14336K), 2 survivors (2048K)
 Metaspace       used 130805K, committed 132736K, reserved 1179648K
  class space    used 17494K, committed 18240K, reserved 1048576K
}

