# JRE version: OpenJDK Runtime Environment (17.0.10) (build 17.0.10+0--11572160)
# Java VM: OpenJDK 64-Bit Server VM (17.0.10+0--11572160, mixed mode, tiered, compressed oops, compressed class ptrs, g1 gc, windows-amd64)
GC Precious Log:
 CPUs: 4 total, 4 available
 Memory: 8112M
 Large Page Support: Disabled
 NUMA Support: Disabled
 Compressed Oops: Enabled (32-bit)
 Heap Region Size: 1M
 Heap Min Capacity: 8M
 Heap Initial Capacity: 128M
 Heap Max Capacity: 2G
 Pre-touch: Disabled
 Parallel Workers: 4
 Concurrent Workers: 1
 Concurrent Refinement Workers: 4
 Periodic GC: Disabled
Heap:
 garbage-first heap   total 82944K, used 41401K [0x0000000080000000, 0x0000000100000000)
  region size 1024K, 4 young (4096K), 4 survivors (4096K)
 Metaspace       used 56595K, committed 57088K, reserved 1114112K
  class space    used 7736K, committed 8000K, reserved 1048576K
GC Heap History (20 events):
Event: 3.198 GC heap after
{Heap after GC invocations=6 (full 0):
 garbage-first heap   total 68608K, used 20752K [0x0000000080000000, 0x0000000100000000)
  region size 1024K, 2 young (2048K), 2 survivors (2048K)
 Metaspace       used 26247K, committed 26496K, reserved 1114112K
  class space    used 3365K, committed 3456K, reserved 1048576K
}
Event: 3.746 GC heap before
{Heap before GC invocations=6 (full 0):
 garbage-first heap   total 68608K, used 48400K [0x0000000080000000, 0x0000000100000000)
  region size 1024K, 29 young (29696K), 2 survivors (2048K)
 Metaspace       used 30041K, committed 30272K, reserved 1114112K
  class space    used 4004K, committed 4096K, reserved 1048576K
}
Event: 3.752 GC heap after
{Heap after GC invocations=7 (full 0):
 garbage-first heap   total 68608K, used 22203K [0x0000000080000000, 0x0000000100000000)
  region size 1024K, 4 young (4096K), 4 survivors (4096K)
 Metaspace       used 30041K, committed 30272K, reserved 1114112K
  class space    used 4004K, committed 4096K, reserved 1048576K
}
Event: 4.231 GC heap before
{Heap before GC invocations=7 (full 0):
 garbage-first heap   total 68608K, used 49851K [0x0000000080000000, 0x0000000100000000)
  region size 1024K, 31 young (31744K), 4 survivors (4096K)
 Metaspace       used 33398K, committed 33792K, reserved 1114112K
  class space    used 4551K, committed 4736K, reserved 1048576K
}
Event: 4.238 GC heap after
{Heap after GC invocations=8 (full 0):
 garbage-first heap   total 68608K, used 23553K [0x0000000080000000, 0x0000000100000000)
  region size 1024K, 3 young (3072K), 3 survivors (3072K)
 Metaspace       used 33398K, committed 33792K, reserved 1114112K
  class space    used 4551K, committed 4736K, reserved 1048576K
}
Event: 4.487 GC heap before
{Heap before GC invocations=8 (full 0):
 garbage-first heap   total 68608K, used 35841K [0x0000000080000000, 0x0000000100000000)
  region size 1024K, 16 young (16384K), 3 survivors (3072K)
 Metaspace       used 35602K, committed 35968K, reserved 1114112K
  class space    used 4868K, committed 4992K, reserved 1048576K
}
Event: 4.491 GC heap after
{Heap after GC invocations=9 (full 0):
 garbage-first heap   total 68608K, used 23958K [0x0000000080000000, 0x0000000100000000)
  region size 1024K, 2 young (2048K), 2 survivors (2048K)
 Metaspace       used 35602K, committed 35968K, reserved 1114112K
  class space    used 4868K, committed 4992K, reserved 1048576K
}
Event: 5.044 GC heap before
{Heap before GC invocations=10 (full 0):
 garbage-first heap   total 68608K, used 52630K [0x0000000080000000, 0x0000000100000000)
  region size 1024K, 31 young (31744K), 2 survivors (2048K)
 Metaspace       used 40783K, committed 41088K, reserved 1114112K
  class space    used 5412K, committed 5568K, reserved 1048576K
}
Event: 5.051 GC heap after
{Heap after GC invocations=11 (full 0):
 garbage-first heap   total 68608K, used 27870K [0x0000000080000000, 0x0000000100000000)
  region size 1024K, 4 young (4096K), 4 survivors (4096K)
 Metaspace       used 40783K, committed 41088K, reserved 1114112K
  class space    used 5412K, committed 5568K, reserved 1048576K
}
Event: 5.306 GC heap before
{Heap before GC invocations=11 (full 0):
 garbage-first heap   total 68608K, used 52446K [0x0000000080000000, 0x0000000100000000)
  region size 1024K, 28 young (28672K), 4 survivors (4096K)
 Metaspace       used 41884K, committed 42240K, reserved 1114112K
  class space    used 5590K, committed 5760K, reserved 1048576K
}
Event: 5.313 GC heap after
{Heap after GC invocations=12 (full 0):
 garbage-first heap   total 82944K, used 28953K [0x0000000080000000, 0x0000000100000000)
  region size 1024K, 2 young (2048K), 2 survivors (2048K)
 Metaspace       used 41884K, committed 42240K, reserved 1114112K
  class space    used 5590K, committed 5760K, reserved 1048576K
}
Event: 5.981 GC heap before
{Heap before GC invocations=12 (full 0):
 garbage-first heap   total 82944K, used 62745K [0x0000000080000000, 0x0000000100000000)
  region size 1024K, 35 young (35840K), 2 survivors (2048K)
 Metaspace       used 45662K, committed 46144K, reserved 1114112K
  class space    used 6212K, committed 6464K, reserved 1048576K
}
Event: 5.987 GC heap after
{Heap after GC invocations=13 (full 0):
 garbage-first heap   total 82944K, used 30908K [0x0000000080000000, 0x0000000100000000)
  region size 1024K, 4 young (4096K), 4 survivors (4096K)
 Metaspace       used 45662K, committed 46144K, reserved 1114112K
  class space    used 6212K, committed 6464K, reserved 1048576K
}
Event: 6.664 GC heap before
{Heap before GC invocations=13 (full 0):
 garbage-first heap   total 82944K, used 63676K [0x0000000080000000, 0x0000000100000000)
  region size 1024K, 36 young (36864K), 4 survivors (4096K)
 Metaspace       used 50034K, committed 50496K, reserved 1114112K
  class space    used 6888K, committed 7104K, reserved 1048576K
}
Event: 6.671 GC heap after
{Heap after GC invocations=14 (full 0):
 garbage-first heap   total 82944K, used 32845K [0x0000000080000000, 0x0000000100000000)
  region size 1024K, 5 young (5120K), 5 survivors (5120K)
 Metaspace       used 50034K, committed 50496K, reserved 1114112K
  class space    used 6888K, committed 7104K, reserved 1048576K
}
Event: 7.295 GC heap before
{Heap before GC invocations=14 (full 0):
 garbage-first heap   total 82944K, used 64589K [0x0000000080000000, 0x0000000100000000)
  region size 1024K, 35 young (35840K), 5 survivors (5120K)
 Metaspace       used 54102K, committed 54592K, reserved 1114112K
  class space    used 7440K, committed 7680K, reserved 1048576K
}
Event: 7.303 GC heap after
{Heap after GC invocations=15 (full 0):
 garbage-first heap   total 82944K, used 34349K [0x0000000080000000, 0x0000000100000000)
  region size 1024K, 4 young (4096K), 4 survivors (4096K)
 Metaspace       used 54102K, committed 54592K, reserved 1114112K
  class space    used 7440K, committed 7680K, reserved 1048576K
}
Event: 8.153 GC heap before
{Heap before GC invocations=15 (full 0):
 garbage-first heap   total 82944K, used 64045K [0x0000000080000000, 0x0000000100000000)
  region size 1024K, 34 young (34816K), 4 survivors (4096K)
 Metaspace       used 56308K, committed 56832K, reserved 1114112K
  class space    used 7733K, committed 8000K, reserved 1048576K
}
Event: 8.165 GC heap after
{Heap after GC invocations=16 (full 0):
 garbage-first heap   total 82944K, used 38662K [0x0000000080000000, 0x0000000100000000)
  region size 1024K, 5 young (5120K), 5 survivors (5120K)
 Metaspace       used 56308K, committed 56832K, reserved 1114112K
  class space    used 7733K, committed 8000K, reserved 1048576K
}
Event: 8.579 GC heap before
{Heap before GC invocations=16 (full 0):
 garbage-first heap   total 82944K, used 64262K [0x0000000080000000, 0x0000000100000000)
  region size 1024K, 31 young (31744K), 5 survivors (5120K)
 Metaspace       used 56595K, committed 57088K, reserved 1114112K
  class space    used 7736K, committed 8000K, reserved 1048576K
}

