# JRE version: OpenJDK Runtime Environment (17.0.10) (build 17.0.10+0--11572160)
# Java VM: OpenJDK 64-Bit Server VM (17.0.10+0--11572160, mixed mode, tiered, compressed oops, compressed class ptrs, g1 gc, windows-amd64)
GC Precious Log:
 CPUs: 4 total, 4 available
 Memory: 8112M
 Large Page Support: Disabled
 NUMA Support: Disabled
 Compressed Oops: Enabled (32-bit)
 Heap Region Size: 1M
 Heap Min Capacity: 8M
 Heap Initial Capacity: 128M
 Heap Max Capacity: 2G
 Pre-touch: Disabled
 Parallel Workers: 4
 Concurrent Workers: 1
 Concurrent Refinement Workers: 4
 Periodic GC: Disabled
Heap:
 garbage-first heap   total 381952K, used 96096K [0x0000000080000000, 0x0000000100000000)
  region size 1024K, 20 young (20480K), 10 survivors (10240K)
 Metaspace       used 91455K, committed 92160K, reserved 1179648K
  class space    used 12700K, committed 13056K, reserved 1048576K
GC Heap History (20 events):
Event: 14.570 GC heap before
{Heap before GC invocations=27 (full 0):
 garbage-first heap   total 135168K, used 105340K [0x0000000080000000, 0x0000000100000000)
  region size 1024K, 39 young (39936K), 1 survivors (1024K)
 Metaspace       used 66895K, committed 67456K, reserved 1114112K
  class space    used 9085K, committed 9344K, reserved 1048576K
}
Event: 14.578 GC heap after
{Heap after GC invocations=28 (full 0):
 garbage-first heap   total 135168K, used 70000K [0x0000000080000000, 0x0000000100000000)
  region size 1024K, 5 young (5120K), 5 survivors (5120K)
 Metaspace       used 66895K, committed 67456K, reserved 1114112K
  class space    used 9085K, committed 9344K, reserved 1048576K
}
Event: 14.582 GC heap before
{Heap before GC invocations=28 (full 0):
 garbage-first heap   total 135168K, used 71024K [0x0000000080000000, 0x0000000100000000)
  region size 1024K, 6 young (6144K), 5 survivors (5120K)
 Metaspace       used 66895K, committed 67456K, reserved 1114112K
  class space    used 9085K, committed 9344K, reserved 1048576K
}
Event: 14.594 GC heap after
{Heap after GC invocations=29 (full 0):
 garbage-first heap   total 135168K, used 70815K [0x0000000080000000, 0x0000000100000000)
  region size 1024K, 1 young (1024K), 1 survivors (1024K)
 Metaspace       used 66895K, committed 67456K, reserved 1114112K
  class space    used 9085K, committed 9344K, reserved 1048576K
}
Event: 14.754 GC heap before
{Heap before GC invocations=29 (full 0):
 garbage-first heap   total 135168K, used 73887K [0x0000000080000000, 0x0000000100000000)
  region size 1024K, 5 young (5120K), 1 survivors (1024K)
 Metaspace       used 66906K, committed 67520K, reserved 1114112K
  class space    used 9086K, committed 9408K, reserved 1048576K
}
Event: 14.757 GC heap after
{Heap after GC invocations=30 (full 0):
 garbage-first heap   total 135168K, used 71375K [0x0000000080000000, 0x0000000100000000)
  region size 1024K, 2 young (2048K), 2 survivors (2048K)
 Metaspace       used 66906K, committed 67520K, reserved 1114112K
  class space    used 9086K, committed 9408K, reserved 1048576K
}
Event: 15.626 GC heap before
{Heap before GC invocations=31 (full 0):
 garbage-first heap   total 135168K, used 102095K [0x0000000080000000, 0x0000000100000000)
  region size 1024K, 33 young (33792K), 2 survivors (2048K)
 Metaspace       used 69174K, committed 69760K, reserved 1114112K
  class space    used 9396K, committed 9664K, reserved 1048576K
}
Event: 15.632 GC heap after
{Heap after GC invocations=32 (full 0):
 garbage-first heap   total 135168K, used 70081K [0x0000000080000000, 0x0000000100000000)
  region size 1024K, 3 young (3072K), 3 survivors (3072K)
 Metaspace       used 69174K, committed 69760K, reserved 1114112K
  class space    used 9396K, committed 9664K, reserved 1048576K
}
Event: 15.721 GC heap before
{Heap before GC invocations=32 (full 0):
 garbage-first heap   total 135168K, used 73153K [0x0000000080000000, 0x0000000100000000)
  region size 1024K, 6 young (6144K), 3 survivors (3072K)
 Metaspace       used 69413K, committed 70016K, reserved 1114112K
  class space    used 9424K, committed 9728K, reserved 1048576K
}
Event: 15.725 GC heap after
{Heap after GC invocations=33 (full 0):
 garbage-first heap   total 135168K, used 69712K [0x0000000080000000, 0x0000000100000000)
  region size 1024K, 1 young (1024K), 1 survivors (1024K)
 Metaspace       used 69413K, committed 70016K, reserved 1114112K
  class space    used 9424K, committed 9728K, reserved 1048576K
}
Event: 16.507 GC heap before
{Heap before GC invocations=33 (full 0):
 garbage-first heap   total 135168K, used 105552K [0x0000000080000000, 0x0000000100000000)
  region size 1024K, 36 young (36864K), 1 survivors (1024K)
 Metaspace       used 72806K, committed 73472K, reserved 1114112K
  class space    used 9874K, committed 10176K, reserved 1048576K
}
Event: 16.511 GC heap after
{Heap after GC invocations=34 (full 0):
 garbage-first heap   total 135168K, used 71819K [0x0000000080000000, 0x0000000100000000)
  region size 1024K, 3 young (3072K), 3 survivors (3072K)
 Metaspace       used 72806K, committed 73472K, reserved 1114112K
  class space    used 9874K, committed 10176K, reserved 1048576K
}
Event: 17.137 GC heap before
{Heap before GC invocations=35 (full 0):
 garbage-first heap   total 140288K, used 110731K [0x0000000080000000, 0x0000000100000000)
  region size 1024K, 37 young (37888K), 3 survivors (3072K)
 Metaspace       used 76172K, committed 76864K, reserved 1179648K
  class space    used 10361K, committed 10688K, reserved 1048576K
}
Event: 17.144 GC heap after
{Heap after GC invocations=36 (full 0):
 garbage-first heap   total 140288K, used 77384K [0x0000000080000000, 0x0000000100000000)
  region size 1024K, 4 young (4096K), 4 survivors (4096K)
 Metaspace       used 76172K, committed 76864K, reserved 1179648K
  class space    used 10361K, committed 10688K, reserved 1048576K
}
Event: 17.170 GC heap before
{Heap before GC invocations=36 (full 0):
 garbage-first heap   total 140288K, used 79432K [0x0000000080000000, 0x0000000100000000)
  region size 1024K, 6 young (6144K), 4 survivors (4096K)
 Metaspace       used 76380K, committed 77056K, reserved 1179648K
  class space    used 10393K, committed 10688K, reserved 1048576K
}
Event: 17.176 GC heap after
{Heap after GC invocations=37 (full 0):
 garbage-first heap   total 140288K, used 77417K [0x0000000080000000, 0x0000000100000000)
  region size 1024K, 1 young (1024K), 1 survivors (1024K)
 Metaspace       used 76380K, committed 77056K, reserved 1179648K
  class space    used 10393K, committed 10688K, reserved 1048576K
}
Event: 17.902 GC heap before
{Heap before GC invocations=37 (full 0):
 garbage-first heap   total 140288K, used 113257K [0x0000000080000000, 0x0000000100000000)
  region size 1024K, 36 young (36864K), 1 survivors (1024K)
 Metaspace       used 79163K, committed 79808K, reserved 1179648K
  class space    used 10768K, committed 11072K, reserved 1048576K
}
Event: 17.910 GC heap after
{Heap after GC invocations=38 (full 0):
 garbage-first heap   total 381952K, used 78894K [0x0000000080000000, 0x0000000100000000)
  region size 1024K, 3 young (3072K), 3 survivors (3072K)
 Metaspace       used 79163K, committed 79808K, reserved 1179648K
  class space    used 10768K, committed 11072K, reserved 1048576K
}
Event: 21.340 GC heap before
{Heap before GC invocations=38 (full 0):
 garbage-first heap   total 381952K, used 259118K [0x0000000080000000, 0x0000000100000000)
  region size 1024K, 178 young (182272K), 3 survivors (3072K)
 Metaspace       used 90873K, committed 91584K, reserved 1179648K
  class space    used 12608K, committed 12928K, reserved 1048576K
}
Event: 21.363 GC heap after
{Heap after GC invocations=39 (full 0):
 garbage-first heap   total 381952K, used 86880K [0x0000000080000000, 0x0000000100000000)
  region size 1024K, 10 young (10240K), 10 survivors (10240K)
 Metaspace       used 90873K, committed 91584K, reserved 1179648K
  class space    used 12608K, committed 12928K, reserved 1048576K
}

