# JRE version: OpenJDK Runtime Environment (17.0.10) (build 17.0.10+0--11572160)
# Java VM: OpenJDK 64-Bit Server VM (17.0.10+0--11572160, mixed mode, tiered, compressed oops, compressed class ptrs, g1 gc, windows-amd64)
GC Precious Log:
 CPUs: 4 total, 4 available
 Memory: 8112M
 Large Page Support: Disabled
 NUMA Support: Disabled
 Compressed Oops: Enabled (32-bit)
 Heap Region Size: 1M
 Heap Min Capacity: 8M
 Heap Initial Capacity: 128M
 Heap Max Capacity: 2030M
 Pre-touch: Disabled
 Parallel Workers: 4
 Concurrent Workers: 1
 Concurrent Refinement Workers: 4
 Periodic GC: Disabled
Heap:
 garbage-first heap   total 73728K, used 33792K [0x0000000081200000, 0x0000000100000000)
  region size 1024K, 7 young (7168K), 1 survivors (1024K)
 Metaspace       used 49995K, committed 50240K, reserved 1114112K
  class space    used 6068K, committed 6208K, reserved 1048576K
GC Heap History (20 events):
Event: 0.906 GC heap before
{Heap before GC invocations=1 (full 0):
 garbage-first heap   total 131072K, used 23573K [0x0000000081200000, 0x0000000100000000)
  region size 1024K, 19 young (19456K), 2 survivors (2048K)
 Metaspace       used 14654K, committed 14784K, reserved 1114112K
  class space    used 1458K, committed 1536K, reserved 1048576K
}
Event: 0.911 GC heap after
{Heap after GC invocations=2 (full 0):
 garbage-first heap   total 131072K, used 7919K [0x0000000081200000, 0x0000000100000000)
  region size 1024K, 2 young (2048K), 2 survivors (2048K)
 Metaspace       used 14654K, committed 14784K, reserved 1114112K
  class space    used 1458K, committed 1536K, reserved 1048576K
}
Event: 1.437 GC heap before
{Heap before GC invocations=2 (full 0):
 garbage-first heap   total 131072K, used 32495K [0x0000000081200000, 0x0000000100000000)
  region size 1024K, 27 young (27648K), 2 survivors (2048K)
 Metaspace       used 21366K, committed 21504K, reserved 1114112K
  class space    used 2326K, committed 2432K, reserved 1048576K
}
Event: 1.443 GC heap after
{Heap after GC invocations=3 (full 0):
 garbage-first heap   total 131072K, used 10347K [0x0000000081200000, 0x0000000100000000)
  region size 1024K, 5 young (5120K), 5 survivors (5120K)
 Metaspace       used 21366K, committed 21504K, reserved 1114112K
  class space    used 2326K, committed 2432K, reserved 1048576K
}
Event: 1.893 GC heap before
{Heap before GC invocations=4 (full 0):
 garbage-first heap   total 45056K, used 31851K [0x0000000081200000, 0x0000000100000000)
  region size 1024K, 26 young (26624K), 5 survivors (5120K)
 Metaspace       used 28350K, committed 28544K, reserved 1114112K
  class space    used 3515K, committed 3584K, reserved 1048576K
}
Event: 1.902 GC heap after
{Heap after GC invocations=5 (full 0):
 garbage-first heap   total 45056K, used 11400K [0x0000000081200000, 0x0000000100000000)
  region size 1024K, 2 young (2048K), 2 survivors (2048K)
 Metaspace       used 28350K, committed 28544K, reserved 1114112K
  class space    used 3515K, committed 3584K, reserved 1048576K
}
Event: 1.924 GC heap before
{Heap before GC invocations=5 (full 0):
 garbage-first heap   total 45056K, used 12424K [0x0000000081200000, 0x0000000100000000)
  region size 1024K, 3 young (3072K), 2 survivors (2048K)
 Metaspace       used 28700K, committed 28928K, reserved 1114112K
  class space    used 3546K, committed 3648K, reserved 1048576K
}
Event: 1.927 GC heap after
{Heap after GC invocations=6 (full 0):
 garbage-first heap   total 45056K, used 11441K [0x0000000081200000, 0x0000000100000000)
  region size 1024K, 1 young (1024K), 1 survivors (1024K)
 Metaspace       used 28700K, committed 28928K, reserved 1114112K
  class space    used 3546K, committed 3648K, reserved 1048576K
}
Event: 2.244 GC heap before
{Heap before GC invocations=6 (full 0):
 garbage-first heap   total 45056K, used 33969K [0x0000000081200000, 0x0000000100000000)
  region size 1024K, 21 young (21504K), 1 survivors (1024K)
 Metaspace       used 31353K, committed 31552K, reserved 1114112K
  class space    used 4044K, committed 4096K, reserved 1048576K
}
Event: 2.252 GC heap after
{Heap after GC invocations=7 (full 0):
 garbage-first heap   total 61440K, used 17705K [0x0000000081200000, 0x0000000100000000)
  region size 1024K, 3 young (3072K), 3 survivors (3072K)
 Metaspace       used 31353K, committed 31552K, reserved 1114112K
  class space    used 4044K, committed 4096K, reserved 1048576K
}
Event: 2.579 GC heap before
{Heap before GC invocations=7 (full 0):
 garbage-first heap   total 61440K, used 37161K [0x0000000081200000, 0x0000000100000000)
  region size 1024K, 24 young (24576K), 3 survivors (3072K)
 Metaspace       used 35945K, committed 36160K, reserved 1114112K
  class space    used 4536K, committed 4672K, reserved 1048576K
}
Event: 2.588 GC heap after
{Heap after GC invocations=8 (full 0):
 garbage-first heap   total 61440K, used 17976K [0x0000000081200000, 0x0000000100000000)
  region size 1024K, 3 young (3072K), 3 survivors (3072K)
 Metaspace       used 35945K, committed 36160K, reserved 1114112K
  class space    used 4536K, committed 4672K, reserved 1048576K
}
Event: 3.100 GC heap before
{Heap before GC invocations=9 (full 0):
 garbage-first heap   total 61440K, used 42552K [0x0000000081200000, 0x0000000100000000)
  region size 1024K, 28 young (28672K), 3 survivors (3072K)
 Metaspace       used 40938K, committed 41152K, reserved 1114112K
  class space    used 5019K, committed 5120K, reserved 1048576K
}
Event: 3.107 GC heap after
{Heap after GC invocations=10 (full 0):
 garbage-first heap   total 61440K, used 20381K [0x0000000081200000, 0x0000000100000000)
  region size 1024K, 3 young (3072K), 3 survivors (3072K)
 Metaspace       used 40938K, committed 41152K, reserved 1114112K
  class space    used 5019K, committed 5120K, reserved 1048576K
}
Event: 3.736 GC heap before
{Heap before GC invocations=10 (full 0):
 garbage-first heap   total 61440K, used 45981K [0x0000000081200000, 0x0000000100000000)
  region size 1024K, 27 young (27648K), 3 survivors (3072K)
 Metaspace       used 46813K, committed 47040K, reserved 1114112K
  class space    used 5701K, committed 5824K, reserved 1048576K
}
Event: 3.748 GC heap after
{Heap after GC invocations=11 (full 0):
 garbage-first heap   total 61440K, used 25472K [0x0000000081200000, 0x0000000100000000)
  region size 1024K, 4 young (4096K), 4 survivors (4096K)
 Metaspace       used 46813K, committed 47040K, reserved 1114112K
  class space    used 5701K, committed 5824K, reserved 1048576K
}
Event: 4.039 GC heap before
{Heap before GC invocations=11 (full 0):
 garbage-first heap   total 61440K, used 45952K [0x0000000081200000, 0x0000000100000000)
  region size 1024K, 24 young (24576K), 4 survivors (4096K)
 Metaspace       used 49396K, committed 49664K, reserved 1114112K
  class space    used 6018K, committed 6144K, reserved 1048576K
}
Event: 4.049 GC heap after
{Heap after GC invocations=12 (full 0):
 garbage-first heap   total 61440K, used 29551K [0x0000000081200000, 0x0000000100000000)
  region size 1024K, 3 young (3072K), 3 survivors (3072K)
 Metaspace       used 49396K, committed 49664K, reserved 1114112K
  class space    used 6018K, committed 6144K, reserved 1048576K
}
Event: 4.190 GC heap before
{Heap before GC invocations=12 (full 0):
 garbage-first heap   total 61440K, used 46959K [0x0000000081200000, 0x0000000100000000)
  region size 1024K, 20 young (20480K), 3 survivors (3072K)
 Metaspace       used 49694K, committed 49920K, reserved 1114112K
  class space    used 6046K, committed 6144K, reserved 1048576K
}
Event: 4.198 GC heap after
{Heap after GC invocations=13 (full 0):
 garbage-first heap   total 73728K, used 29696K [0x0000000081200000, 0x0000000100000000)
  region size 1024K, 1 young (1024K), 1 survivors (1024K)
 Metaspace       used 49694K, committed 49920K, reserved 1114112K
  class space    used 6046K, committed 6144K, reserved 1048576K
}

